═══════════════════════════════════════════════════════════════
[2025-10-31 13:01:47] error: MongoDB connection failed: Could not connect to any servers in your MongoDB Atlas cluster. One common reason is that you're trying to access the database from an IP that isn't whitelisted. Make sure your current IP address is on your Atlas cluster's IP whitelist: https://www.mongodb.com/docs/atlas/security-whitelist/
Meta:
{
  "errorLabelSet": {},
  "reason": {
    "type": "ReplicaSetNoPrimary",
    "servers": {
      "ac-vvgzrwl-shard-00-00.p01xmtu.mongodb.net:27017": {
        "address": "ac-vvgzrwl-shard-00-00.p01xmtu.mongodb.net:27017",
        "type": "Unknown",
        "hosts": [],
        "passives": [],
        "arbiters": [],
        "tags": {},
        "minWireVersion": 0,
        "maxWireVersion": 0,
        "roundTripTime": -1,
        "minRoundTripTime": 0,
        "lastUpdateTime": 1285528577,
        "lastWriteDate": 0,
        "error": {
          "errorLabelSet": {},
          "beforeHandshake": false
        },
        "topologyVersion": null,
        "setName": null,
        "setVersion": null,
        "electionId": null,
        "logicalSessionTimeoutMinutes": null,
        "maxMessageSizeBytes": null,
        "maxWriteBatchSize": null,
        "maxBsonObjectSize": null,
        "primary": null,
        "me": null,
        "$clusterTime": null,
        "iscryptd": false
      },
      "ac-vvgzrwl-shard-00-01.p01xmtu.mongodb.net:27017": {
        "address": "ac-vvgzrwl-shard-00-01.p01xmtu.mongodb.net:27017",
        "type": "Unknown",
        "hosts": [],
        "passives": [],
        "arbiters": [],
        "tags": {},
        "minWireVersion": 0,
        "maxWireVersion": 0,
        "roundTripTime": -1,
        "minRoundTripTime": 0,
        "lastUpdateTime": 1285528583,
        "lastWriteDate": 0,
        "error": {
          "errorLabelSet": {},
          "beforeHandshake": false
        },
        "topologyVersion": null,
        "setName": null,
        "setVersion": null,
        "electionId": null,
        "logicalSessionTimeoutMinutes": null,
        "maxMessageSizeBytes": null,
        "maxWriteBatchSize": null,
        "maxBsonObjectSize": null,
        "primary": null,
        "me": null,
        "$clusterTime": null,
        "iscryptd": false
      },
      "ac-vvgzrwl-shard-00-02.p01xmtu.mongodb.net:27017": {
        "address": "ac-vvgzrwl-shard-00-02.p01xmtu.mongodb.net:27017",
        "type": "Unknown",
        "hosts": [],
        "passives": [],
        "arbiters": [],
        "tags": {},
        "minWireVersion": 0,
        "maxWireVersion": 0,
        "roundTripTime": -1,
        "minRoundTripTime": 0,
        "lastUpdateTime": 1285528637,
        "lastWriteDate": 0,
        "error": {
          "errorLabelSet": {},
          "beforeHandshake": false
        },
        "topologyVersion": null,
        "setName": null,
        "setVersion": null,
        "electionId": null,
        "logicalSessionTimeoutMinutes": null,
        "maxMessageSizeBytes": null,
        "maxWriteBatchSize": null,
        "maxBsonObjectSize": null,
        "primary": null,
        "me": null,
        "$clusterTime": null,
        "iscryptd": false
      }
    },
    "stale": false,
    "compatible": true,
    "heartbeatFrequencyMS": 10000,
    "localThresholdMS": 15,
    "setName": "atlas-9q9zb0-shard-0",
    "maxElectionId": null,
    "maxSetVersion": null,
    "commonWireVersion": 0,
    "logicalSessionTimeoutMinutes": null
  },
  "cause": {
    "type": "ReplicaSetNoPrimary",
    "servers": {
      "ac-vvgzrwl-shard-00-00.p01xmtu.mongodb.net:27017": {
        "address": "ac-vvgzrwl-shard-00-00.p01xmtu.mongodb.net:27017",
        "type": "Unknown",
        "hosts": [],
        "passives": [],
        "arbiters": [],
        "tags": {},
        "minWireVersion": 0,
        "maxWireVersion": 0,
        "roundTripTime": -1,
        "minRoundTripTime": 0,
        "lastUpdateTime": 1285528577,
        "lastWriteDate": 0,
        "error": {
          "errorLabelSet": {},
          "beforeHandshake": false
        },
        "topologyVersion": null,
        "setName": null,
        "setVersion": null,
        "electionId": null,
        "logicalSessionTimeoutMinutes": null,
        "maxMessageSizeBytes": null,
        "maxWriteBatchSize": null,
        "maxBsonObjectSize": null,
        "primary": null,
        "me": null,
        "$clusterTime": null,
        "iscryptd": false
      },
      "ac-vvgzrwl-shard-00-01.p01xmtu.mongodb.net:27017": {
        "address": "ac-vvgzrwl-shard-00-01.p01xmtu.mongodb.net:27017",
        "type": "Unknown",
        "hosts": [],
        "passives": [],
        "arbiters": [],
        "tags": {},
        "minWireVersion": 0,
        "maxWireVersion": 0,
        "roundTripTime": -1,
        "minRoundTripTime": 0,
        "lastUpdateTime": 1285528583,
        "lastWriteDate": 0,
        "error": {
          "errorLabelSet": {},
          "beforeHandshake": false
        },
        "topologyVersion": null,
        "setName": null,
        "setVersion": null,
        "electionId": null,
        "logicalSessionTimeoutMinutes": null,
        "maxMessageSizeBytes": null,
        "maxWriteBatchSize": null,
        "maxBsonObjectSize": null,
        "primary": null,
        "me": null,
        "$clusterTime": null,
        "iscryptd": false
      },
      "ac-vvgzrwl-shard-00-02.p01xmtu.mongodb.net:27017": {
        "address": "ac-vvgzrwl-shard-00-02.p01xmtu.mongodb.net:27017",
        "type": "Unknown",
        "hosts": [],
        "passives": [],
        "arbiters": [],
        "tags": {},
        "minWireVersion": 0,
        "maxWireVersion": 0,
        "roundTripTime": -1,
        "minRoundTripTime": 0,
        "lastUpdateTime": 1285528637,
        "lastWriteDate": 0,
        "error": {
          "errorLabelSet": {},
          "beforeHandshake": false
        },
        "topologyVersion": null,
        "setName": null,
        "setVersion": null,
        "electionId": null,
        "logicalSessionTimeoutMinutes": null,
        "maxMessageSizeBytes": null,
        "maxWriteBatchSize": null,
        "maxBsonObjectSize": null,
        "primary": null,
        "me": null,
        "$clusterTime": null,
        "iscryptd": false
      }
    },
    "stale": false,
    "compatible": true,
    "heartbeatFrequencyMS": 10000,
    "localThresholdMS": 15,
    "setName": "atlas-9q9zb0-shard-0",
    "maxElectionId": null,
    "maxSetVersion": null,
    "commonWireVersion": 0,
    "logicalSessionTimeoutMinutes": null
  }
}
Stack Trace:
  MongooseServerSelectionError: Could not connect to any servers in your MongoDB Atlas cluster. One common reason is that you're trying to access the database from an IP that isn't whitelisted. Make sure your current IP address is on your Atlas cluster's IP whitelist: https://www.mongodb.com/docs/atlas/security-whitelist/
      at _handleConnectionErrors (E:\backend_blueprint\node_modules\mongoose\lib\connection.js:1169:11)
      at NativeConnection.openUri (E:\backend_blueprint\node_modules\mongoose\lib\connection.js:1100:11)
      at async connectDB (E:\backend_blueprint\config\db.js:7:5)
      at async startServer (E:\backend_blueprint\index.js:12:5)
═══════════════════════════════════════════════════════════════

═══════════════════════════════════════════════════════════════
[2025-10-31 13:08:57] info: MongoDB connected successfully
═══════════════════════════════════════════════════════════════

═══════════════════════════════════════════════════════════════
[2025-10-31 13:08:57] info: Server running on port 5000 in development mode
═══════════════════════════════════════════════════════════════

═══════════════════════════════════════════════════════════════
[2025-10-31 13:15:08] info: Employer created: manvendra@yopmail.com
═══════════════════════════════════════════════════════════════

═══════════════════════════════════════════════════════════════
[2025-10-31 13:15:08] error: Error 500: phone is not defined
Method: POST
Path: /api/v1/users/register
Stack Trace:
  ReferenceError: phone is not defined
      at E:\backend_blueprint\controllers\userController.js:11:29
      at process.processTicksAndRejections (node:internal/process/task_queues:95:5)
═══════════════════════════════════════════════════════════════

═══════════════════════════════════════════════════════════════
[2025-10-31 13:15:08] info: ::1 - - [31/Oct/2025:07:45:08 +0000] "POST /api/v1/users/register HTTP/1.1" 500 242 "-" "PostmanRuntime/7.48.0"
═══════════════════════════════════════════════════════════════

═══════════════════════════════════════════════════════════════
[2025-10-31 13:17:08] info: MongoDB connected successfully
═══════════════════════════════════════════════════════════════

═══════════════════════════════════════════════════════════════
[2025-10-31 13:17:08] info: Server running on port 5000 in development mode
═══════════════════════════════════════════════════════════════

═══════════════════════════════════════════════════════════════
[2025-10-31 13:17:58] info: MongoDB connected successfully
═══════════════════════════════════════════════════════════════

═══════════════════════════════════════════════════════════════
[2025-10-31 13:17:58] info: Server running on port 5000 in development mode
═══════════════════════════════════════════════════════════════

═══════════════════════════════════════════════════════════════
[2025-10-31 13:18:01] error: Error 500: User already exists with this email.
Method: POST
Path: /api/v1/users/register
Stack Trace:
  Error: User already exists with this email.
      at createUser (E:\backend_blueprint\services\userService.js:13:19)
      at process.processTicksAndRejections (node:internal/process/task_queues:95:5)
      at async E:\backend_blueprint\controllers\userController.js:8:18
═══════════════════════════════════════════════════════════════

═══════════════════════════════════════════════════════════════
[2025-10-31 13:18:01] info: ::1 - - [31/Oct/2025:07:48:01 +0000] "POST /api/v1/users/register HTTP/1.1" 500 345 "-" "PostmanRuntime/7.48.0"
═══════════════════════════════════════════════════════════════

═══════════════════════════════════════════════════════════════
[2025-10-31 13:19:48] error: Error 500: User already exists with this email.
Method: POST
Path: /api/v1/users/register
Stack Trace:
  Error: User already exists with this email.
      at createUser (E:\backend_blueprint\services\userService.js:13:19)
      at process.processTicksAndRejections (node:internal/process/task_queues:95:5)
      at async E:\backend_blueprint\controllers\userController.js:8:18
═══════════════════════════════════════════════════════════════

═══════════════════════════════════════════════════════════════
[2025-10-31 13:19:48] info: ::1 - - [31/Oct/2025:07:49:48 +0000] "POST /api/v1/users/register HTTP/1.1" 500 345 "-" "PostmanRuntime/7.48.0"
═══════════════════════════════════════════════════════════════

═══════════════════════════════════════════════════════════════
[2025-10-31 13:19:55] error: Error 500: User validation failed: fullName: Path `fullName` is required.
Method: POST
Path: /api/v1/users/register
Meta:
{
  "errors": {
    "fullName": {
      "name": "ValidatorError",
      "message": "Path `fullName` is required.",
      "properties": {
        "message": "Path `fullName` is required.",
        "type": "required",
        "path": "fullName"
      },
      "kind": "required",
      "path": "fullName"
    }
  }
}
Stack Trace:
  ValidationError: User validation failed: fullName: Path `fullName` is required.
      at Document.invalidate (E:\backend_blueprint\node_modules\mongoose\lib\document.js:3362:32)
      at E:\backend_blueprint\node_modules\mongoose\lib\document.js:3123:17
      at E:\backend_blueprint\node_modules\mongoose\lib\schemaType.js:1420:9
      at process.processTicksAndRejections (node:internal/process/task_queues:77:11)
═══════════════════════════════════════════════════════════════

═══════════════════════════════════════════════════════════════
[2025-10-31 13:19:55] info: ::1 - - [31/Oct/2025:07:49:55 +0000] "POST /api/v1/users/register HTTP/1.1" 500 740 "-" "PostmanRuntime/7.48.0"
═══════════════════════════════════════════════════════════════

═══════════════════════════════════════════════════════════════
[2025-10-31 13:21:03] info: MongoDB connected successfully
═══════════════════════════════════════════════════════════════

═══════════════════════════════════════════════════════════════
[2025-10-31 13:21:03] info: Server running on port 5000 in development mode
═══════════════════════════════════════════════════════════════

═══════════════════════════════════════════════════════════════
[2025-10-31 13:21:05] info: MongoDB connected successfully
═══════════════════════════════════════════════════════════════

═══════════════════════════════════════════════════════════════
[2025-10-31 13:21:05] info: Server running on port 5000 in development mode
═══════════════════════════════════════════════════════════════

═══════════════════════════════════════════════════════════════
[2025-10-31 13:21:09] info: MongoDB connected successfully
═══════════════════════════════════════════════════════════════

═══════════════════════════════════════════════════════════════
[2025-10-31 13:21:09] info: Server running on port 5000 in development mode
═══════════════════════════════════════════════════════════════

═══════════════════════════════════════════════════════════════
[2025-10-31 13:21:15] info: MongoDB connected successfully
═══════════════════════════════════════════════════════════════

═══════════════════════════════════════════════════════════════
[2025-10-31 13:21:15] info: Server running on port 5000 in development mode
═══════════════════════════════════════════════════════════════

═══════════════════════════════════════════════════════════════
[2025-10-31 13:21:23] info: MongoDB connected successfully
═══════════════════════════════════════════════════════════════

═══════════════════════════════════════════════════════════════
[2025-10-31 13:21:23] info: Server running on port 5000 in development mode
═══════════════════════════════════════════════════════════════

═══════════════════════════════════════════════════════════════
[2025-10-31 13:21:26] info: MongoDB connected successfully
═══════════════════════════════════════════════════════════════

═══════════════════════════════════════════════════════════════
[2025-10-31 13:21:26] info: Server running on port 5000 in development mode
═══════════════════════════════════════════════════════════════

═══════════════════════════════════════════════════════════════
[2025-10-31 13:21:36] info: MongoDB connected successfully
═══════════════════════════════════════════════════════════════

═══════════════════════════════════════════════════════════════
[2025-10-31 13:21:36] info: Server running on port 5000 in development mode
═══════════════════════════════════════════════════════════════

═══════════════════════════════════════════════════════════════
[2025-10-31 13:21:55] info: MongoDB connected successfully
═══════════════════════════════════════════════════════════════

═══════════════════════════════════════════════════════════════
[2025-10-31 13:21:55] info: Server running on port 5000 in development mode
═══════════════════════════════════════════════════════════════

═══════════════════════════════════════════════════════════════
[2025-10-31 13:22:04] info: MongoDB connected successfully
═══════════════════════════════════════════════════════════════

═══════════════════════════════════════════════════════════════
[2025-10-31 13:22:04] info: Server running on port 5000 in development mode
═══════════════════════════════════════════════════════════════

═══════════════════════════════════════════════════════════════
[2025-10-31 13:22:20] info: MongoDB connected successfully
═══════════════════════════════════════════════════════════════

═══════════════════════════════════════════════════════════════
[2025-10-31 13:22:20] info: Server running on port 5000 in development mode
═══════════════════════════════════════════════════════════════

═══════════════════════════════════════════════════════════════
[2025-10-31 13:22:24] info: MongoDB connected successfully
═══════════════════════════════════════════════════════════════

═══════════════════════════════════════════════════════════════
[2025-10-31 13:22:24] info: Server running on port 5000 in development mode
═══════════════════════════════════════════════════════════════

═══════════════════════════════════════════════════════════════
[2025-10-31 13:22:27] info: MongoDB connected successfully
═══════════════════════════════════════════════════════════════

═══════════════════════════════════════════════════════════════
[2025-10-31 13:22:27] info: Server running on port 5000 in development mode
═══════════════════════════════════════════════════════════════

═══════════════════════════════════════════════════════════════
[2025-10-31 13:22:30] info: MongoDB connected successfully
═══════════════════════════════════════════════════════════════

═══════════════════════════════════════════════════════════════
[2025-10-31 13:22:30] info: Server running on port 5000 in development mode
═══════════════════════════════════════════════════════════════

═══════════════════════════════════════════════════════════════
[2025-10-31 13:22:35] info: MongoDB connected successfully
═══════════════════════════════════════════════════════════════

═══════════════════════════════════════════════════════════════
[2025-10-31 13:22:35] info: Server running on port 5000 in development mode
═══════════════════════════════════════════════════════════════

═══════════════════════════════════════════════════════════════
[2025-10-31 13:22:39] info: MongoDB connected successfully
═══════════════════════════════════════════════════════════════

═══════════════════════════════════════════════════════════════
[2025-10-31 13:22:39] info: Server running on port 5000 in development mode
═══════════════════════════════════════════════════════════════

═══════════════════════════════════════════════════════════════
[2025-10-31 13:22:44] info: MongoDB connected successfully
═══════════════════════════════════════════════════════════════

═══════════════════════════════════════════════════════════════
[2025-10-31 13:22:44] info: Server running on port 5000 in development mode
═══════════════════════════════════════════════════════════════

═══════════════════════════════════════════════════════════════
[2025-10-31 13:22:48] info: MongoDB connected successfully
═══════════════════════════════════════════════════════════════

═══════════════════════════════════════════════════════════════
[2025-10-31 13:22:48] info: Server running on port 5000 in development mode
═══════════════════════════════════════════════════════════════

═══════════════════════════════════════════════════════════════
[2025-10-31 13:22:55] info: MongoDB connected successfully
═══════════════════════════════════════════════════════════════

═══════════════════════════════════════════════════════════════
[2025-10-31 13:22:55] info: Server running on port 5000 in development mode
═══════════════════════════════════════════════════════════════

═══════════════════════════════════════════════════════════════
[2025-10-31 13:23:40] error: Error 400: Expected double-quoted property name in JSON at position 166
Method: POST
Path: /api/v1/users/register
Stack Trace:
  SyntaxError: Expected double-quoted property name in JSON at position 166
      at JSON.parse (<anonymous>)
      at parse (E:\backend_blueprint\node_modules\body-parser\lib\types\json.js:77:19)
      at E:\backend_blueprint\node_modules\body-parser\lib\read.js:123:18
      at AsyncResource.runInAsyncScope (node:async_hooks:206:9)
      at invokeCallback (E:\backend_blueprint\node_modules\raw-body\index.js:238:16)
      at done (E:\backend_blueprint\node_modules\raw-body\index.js:227:7)
      at IncomingMessage.onEnd (E:\backend_blueprint\node_modules\raw-body\index.js:287:7)
      at IncomingMessage.emit (node:events:519:28)
      at endReadableNT (node:internal/streams/readable:1696:12)
      at process.processTicksAndRejections (node:internal/process/task_queues:82:21)
═══════════════════════════════════════════════════════════════

═══════════════════════════════════════════════════════════════
[2025-10-31 13:23:40] info: ::1 - - [31/Oct/2025:07:53:40 +0000] "POST /api/v1/users/register HTTP/1.1" 400 890 "-" "PostmanRuntime/7.48.0"
═══════════════════════════════════════════════════════════════

═══════════════════════════════════════════════════════════════
[2025-10-31 13:23:47] error: Error 400: Validation failed
Method: POST
Path: /api/v1/users/register
Meta:
{
  "errors": [
    {
      "field": "password",
      "message": "Password must be at least 8 characters"
    }
  ]
}
Stack Trace:
  Error: Validation failed
      at handleValidationErrors (E:\backend_blueprint\utils\validator.js:94:17)
      at Layer.handleRequest (E:\backend_blueprint\node_modules\router\lib\layer.js:152:17)
      at next (E:\backend_blueprint\node_modules\router\lib\route.js:157:13)
      at middleware (E:\backend_blueprint\node_modules\express-validator\lib\middlewares\check.js:16:13)
      at process.processTicksAndRejections (node:internal/process/task_queues:95:5)
═══════════════════════════════════════════════════════════════

═══════════════════════════════════════════════════════════════
[2025-10-31 13:23:47] info: ::1 - - [31/Oct/2025:07:53:47 +0000] "POST /api/v1/users/register HTTP/1.1" 400 611 "-" "PostmanRuntime/7.48.0"
═══════════════════════════════════════════════════════════════

═══════════════════════════════════════════════════════════════
[2025-10-31 13:24:14] info: MongoDB connected successfully
═══════════════════════════════════════════════════════════════

═══════════════════════════════════════════════════════════════
[2025-10-31 13:24:14] info: Server running on port 5000 in development mode
═══════════════════════════════════════════════════════════════

═══════════════════════════════════════════════════════════════
[2025-10-31 13:24:17] error: Error 500: Organization name is required for employers.
Method: POST
Path: /api/v1/users/register
Stack Trace:
  Error: Organization name is required for employers.
      at createUser (E:\backend_blueprint\services\userService.js:29:21)
      at process.processTicksAndRejections (node:internal/process/task_queues:95:5)
      at async E:\backend_blueprint\controllers\userController.js:10:18
═══════════════════════════════════════════════════════════════

═══════════════════════════════════════════════════════════════
[2025-10-31 13:24:17] info: ::1 - - [31/Oct/2025:07:54:17 +0000] "POST /api/v1/users/register HTTP/1.1" 500 362 "-" "PostmanRuntime/7.48.0"
═══════════════════════════════════════════════════════════════

═══════════════════════════════════════════════════════════════
[2025-10-31 13:25:03] info: MongoDB connected successfully
═══════════════════════════════════════════════════════════════

═══════════════════════════════════════════════════════════════
[2025-10-31 13:25:03] info: Server running on port 5000 in development mode
═══════════════════════════════════════════════════════════════

═══════════════════════════════════════════════════════════════
[2025-10-31 13:29:26] info: MongoDB connected successfully
═══════════════════════════════════════════════════════════════

═══════════════════════════════════════════════════════════════
[2025-10-31 13:29:26] info: Server running on port 5000 in development mode
═══════════════════════════════════════════════════════════════

═══════════════════════════════════════════════════════════════
[2025-10-31 13:29:30] error: Error 400: Validation failed
Method: POST
Path: /api/v1/users/register
Meta:
{
  "errors": [
    {
      "field": "password",
      "message": "Password must be at least 8 characters."
    },
    {
      "field": "fullName",
      "message": "Full name is required."
    }
  ]
}
Stack Trace:
  Error: Validation failed
      at handleValidationErrors (E:\backend_blueprint\utils\validator.js:142:17)
      at Layer.handleRequest (E:\backend_blueprint\node_modules\router\lib\layer.js:152:17)
      at next (E:\backend_blueprint\node_modules\router\lib\route.js:157:13)
      at middleware (E:\backend_blueprint\node_modules\express-validator\lib\middlewares\check.js:16:13)
      at process.processTicksAndRejections (node:internal/process/task_queues:95:5)
═══════════════════════════════════════════════════════════════

═══════════════════════════════════════════════════════════════
[2025-10-31 13:29:30] info: ::1 - - [31/Oct/2025:07:59:30 +0000] "POST /api/v1/users/register HTTP/1.1" 400 669 "-" "PostmanRuntime/7.48.0"
═══════════════════════════════════════════════════════════════

═══════════════════════════════════════════════════════════════
[2025-10-31 13:29:51] error: Error 400: Validation failed
Method: POST
Path: /api/v1/users/register
Meta:
{
  "errors": [
    {
      "field": "fullName",
      "message": "Full name is required."
    }
  ]
}
Stack Trace:
  Error: Validation failed
      at handleValidationErrors (E:\backend_blueprint\utils\validator.js:142:17)
      at Layer.handleRequest (E:\backend_blueprint\node_modules\router\lib\layer.js:152:17)
      at next (E:\backend_blueprint\node_modules\router\lib\route.js:157:13)
      at middleware (E:\backend_blueprint\node_modules\express-validator\lib\middlewares\check.js:16:13)
      at process.processTicksAndRejections (node:internal/process/task_queues:95:5)
═══════════════════════════════════════════════════════════════

═══════════════════════════════════════════════════════════════
[2025-10-31 13:29:51] info: ::1 - - [31/Oct/2025:07:59:51 +0000] "POST /api/v1/users/register HTTP/1.1" 400 596 "-" "PostmanRuntime/7.48.0"
═══════════════════════════════════════════════════════════════

═══════════════════════════════════════════════════════════════
[2025-10-31 13:30:01] error: Error 500: User already exists with this email.
Method: POST
Path: /api/v1/users/register
Stack Trace:
  Error: User already exists with this email.
      at createUser (E:\backend_blueprint\services\userService.js:13:19)
      at process.processTicksAndRejections (node:internal/process/task_queues:95:5)
      at async E:\backend_blueprint\controllers\userController.js:10:18
═══════════════════════════════════════════════════════════════

═══════════════════════════════════════════════════════════════
[2025-10-31 13:30:01] info: ::1 - - [31/Oct/2025:08:00:01 +0000] "POST /api/v1/users/register HTTP/1.1" 500 346 "-" "PostmanRuntime/7.48.0"
═══════════════════════════════════════════════════════════════

═══════════════════════════════════════════════════════════════
[2025-10-31 13:39:59] info: MongoDB connected successfully
═══════════════════════════════════════════════════════════════

═══════════════════════════════════════════════════════════════
[2025-10-31 13:39:59] info: Server running on port 5000 in development mode
═══════════════════════════════════════════════════════════════

═══════════════════════════════════════════════════════════════
[2025-10-31 13:48:56] info: MongoDB connected successfully
═══════════════════════════════════════════════════════════════

═══════════════════════════════════════════════════════════════
[2025-10-31 13:48:56] info: Server running on port 5000 in development mode
═══════════════════════════════════════════════════════════════

═══════════════════════════════════════════════════════════════
[2025-10-31 13:54:16] info: Employer created: manvendra1@yopmail.com
═══════════════════════════════════════════════════════════════

═══════════════════════════════════════════════════════════════
[2025-10-31 13:54:16] info: ::1 - - [31/Oct/2025:08:24:16 +0000] "POST /api/v1/users/register HTTP/1.1" 201 84 "-" "PostmanRuntime/7.48.0"
═══════════════════════════════════════════════════════════════

═══════════════════════════════════════════════════════════════
[2025-10-31 13:55:21] info: MongoDB connected successfully
═══════════════════════════════════════════════════════════════

═══════════════════════════════════════════════════════════════
[2025-10-31 13:55:21] info: Server running on port 5000 in development mode
═══════════════════════════════════════════════════════════════

═══════════════════════════════════════════════════════════════
[2025-10-31 13:57:13] error: Error 400: Validation failed
Method: POST
Path: /api/v1/users/register
Meta:
{
  "errors": [
    {
      "field": "subscriptionType",
      "message": "Subscription type is required for employers."
    },
    {
      "field": "subscriptionType",
      "message": "Subscription type must be either one_time or monthly."
    }
  ]
}
Stack Trace:
  Error: Validation failed
      at handleValidationErrors (E:\backend_blueprint\utils\validator.js:142:17)
      at Layer.handleRequest (E:\backend_blueprint\node_modules\router\lib\layer.js:152:17)
      at next (E:\backend_blueprint\node_modules\router\lib\route.js:157:13)
      at middleware (E:\backend_blueprint\node_modules\express-validator\lib\middlewares\check.js:16:13)
      at process.processTicksAndRejections (node:internal/process/task_queues:95:5)
═══════════════════════════════════════════════════════════════

═══════════════════════════════════════════════════════════════
[2025-10-31 13:57:13] info: ::1 - - [31/Oct/2025:08:27:13 +0000] "POST /api/v1/users/register HTTP/1.1" 400 721 "-" "PostmanRuntime/7.48.0"
═══════════════════════════════════════════════════════════════

═══════════════════════════════════════════════════════════════
[2025-10-31 13:58:04] info: Employer created: manvendra2@yopmail.com
═══════════════════════════════════════════════════════════════

═══════════════════════════════════════════════════════════════
[2025-10-31 13:58:04] info: ::1 - - [31/Oct/2025:08:28:04 +0000] "POST /api/v1/users/register HTTP/1.1" 201 84 "-" "PostmanRuntime/7.48.0"
═══════════════════════════════════════════════════════════════

═══════════════════════════════════════════════════════════════
[2025-10-31 14:08:21] info: MongoDB connected successfully
═══════════════════════════════════════════════════════════════

═══════════════════════════════════════════════════════════════
[2025-10-31 14:08:21] info: Server running on port 5000 in development mode
═══════════════════════════════════════════════════════════════

═══════════════════════════════════════════════════════════════
[2025-10-31 14:08:38] info: MongoDB connected successfully
═══════════════════════════════════════════════════════════════

═══════════════════════════════════════════════════════════════
[2025-10-31 14:08:38] info: Server running on port 5000 in development mode
═══════════════════════════════════════════════════════════════

═══════════════════════════════════════════════════════════════
[2025-10-31 14:08:50] info: MongoDB connected successfully
═══════════════════════════════════════════════════════════════

═══════════════════════════════════════════════════════════════
[2025-10-31 14:08:50] info: Server running on port 5000 in development mode
═══════════════════════════════════════════════════════════════

═══════════════════════════════════════════════════════════════
[2025-10-31 14:08:56] info: MongoDB connected successfully
═══════════════════════════════════════════════════════════════

═══════════════════════════════════════════════════════════════
[2025-10-31 14:08:56] info: Server running on port 5000 in development mode
═══════════════════════════════════════════════════════════════

═══════════════════════════════════════════════════════════════
[2025-10-31 14:09:18] info: Employer created: manvendra3@yopmail.com
═══════════════════════════════════════════════════════════════

═══════════════════════════════════════════════════════════════
[2025-10-31 14:09:18] info: ::1 - - [31/Oct/2025:08:39:18 +0000] "POST /api/v1/users/register HTTP/1.1" 201 84 "-" "PostmanRuntime/7.48.0"
═══════════════════════════════════════════════════════════════

═══════════════════════════════════════════════════════════════
[2025-10-31 14:12:31] info: MongoDB connected successfully
═══════════════════════════════════════════════════════════════

═══════════════════════════════════════════════════════════════
[2025-10-31 14:12:31] info: Server running on port 5000 in development mode
═══════════════════════════════════════════════════════════════

═══════════════════════════════════════════════════════════════
[2025-10-31 14:14:07] info: MongoDB connected successfully
═══════════════════════════════════════════════════════════════

═══════════════════════════════════════════════════════════════
[2025-10-31 14:14:07] info: Server running on port 5000 in development mode
═══════════════════════════════════════════════════════════════

═══════════════════════════════════════════════════════════════
[2025-10-31 14:14:13] info: MongoDB connected successfully
═══════════════════════════════════════════════════════════════

═══════════════════════════════════════════════════════════════
[2025-10-31 14:14:13] info: Server running on port 5000 in development mode
═══════════════════════════════════════════════════════════════

═══════════════════════════════════════════════════════════════
[2025-10-31 14:15:14] error: Error 500: Assignment to constant variable.
Method: POST
Path: /api/v1/users/register
Stack Trace:
  TypeError: Assignment to constant variable.
      at E:\backend_blueprint\controllers\userController.js:11:22
      at E:\backend_blueprint\utils\asyncHandler.js:2:21
      at Layer.handleRequest (E:\backend_blueprint\node_modules\router\lib\layer.js:152:17)
      at next (E:\backend_blueprint\node_modules\router\lib\route.js:157:13)
      at handleValidationErrors (E:\backend_blueprint\utils\validator.js:137:3)
      at Layer.handleRequest (E:\backend_blueprint\node_modules\router\lib\layer.js:152:17)
      at next (E:\backend_blueprint\node_modules\router\lib\route.js:157:13)
      at middleware (E:\backend_blueprint\node_modules\express-validator\lib\middlewares\check.js:16:13)
      at process.processTicksAndRejections (node:internal/process/task_queues:95:5)
═══════════════════════════════════════════════════════════════

═══════════════════════════════════════════════════════════════
[2025-10-31 14:15:14] info: ::1 - - [31/Oct/2025:08:45:14 +0000] "POST /api/v1/users/register HTTP/1.1" 500 866 "http://localhost:8080/" "Mozilla/5.0 (Windows NT 10.0; Win64; x64) AppleWebKit/537.36 (KHTML, like Gecko) Chrome/141.0.0.0 Safari/537.36"
═══════════════════════════════════════════════════════════════

═══════════════════════════════════════════════════════════════
[2025-10-31 14:16:33] error: Error 500: Assignment to constant variable.
Method: POST
Path: /api/v1/users/register
Stack Trace:
  TypeError: Assignment to constant variable.
      at E:\backend_blueprint\controllers\userController.js:11:22
      at E:\backend_blueprint\utils\asyncHandler.js:2:21
      at Layer.handleRequest (E:\backend_blueprint\node_modules\router\lib\layer.js:152:17)
      at next (E:\backend_blueprint\node_modules\router\lib\route.js:157:13)
      at handleValidationErrors (E:\backend_blueprint\utils\validator.js:137:3)
      at Layer.handleRequest (E:\backend_blueprint\node_modules\router\lib\layer.js:152:17)
      at next (E:\backend_blueprint\node_modules\router\lib\route.js:157:13)
      at middleware (E:\backend_blueprint\node_modules\express-validator\lib\middlewares\check.js:16:13)
      at process.processTicksAndRejections (node:internal/process/task_queues:95:5)
═══════════════════════════════════════════════════════════════

═══════════════════════════════════════════════════════════════
[2025-10-31 14:16:33] info: ::1 - - [31/Oct/2025:08:46:33 +0000] "POST /api/v1/users/register HTTP/1.1" 500 866 "http://localhost:8080/" "Mozilla/5.0 (Windows NT 10.0; Win64; x64) AppleWebKit/537.36 (KHTML, like Gecko) Chrome/141.0.0.0 Safari/537.36"
═══════════════════════════════════════════════════════════════

═══════════════════════════════════════════════════════════════
[2025-10-31 14:17:08] info: MongoDB connected successfully
═══════════════════════════════════════════════════════════════

═══════════════════════════════════════════════════════════════
[2025-10-31 14:17:08] info: Server running on port 5000 in development mode
═══════════════════════════════════════════════════════════════

═══════════════════════════════════════════════════════════════
[2025-10-31 14:17:14] info: Employer created: manvendra4@yopmail.com
═══════════════════════════════════════════════════════════════

═══════════════════════════════════════════════════════════════
[2025-10-31 14:17:14] info: ::1 - - [31/Oct/2025:08:47:14 +0000] "POST /api/v1/users/register HTTP/1.1" 201 84 "http://localhost:8080/" "Mozilla/5.0 (Windows NT 10.0; Win64; x64) AppleWebKit/537.36 (KHTML, like Gecko) Chrome/141.0.0.0 Safari/537.36"
═══════════════════════════════════════════════════════════════

═══════════════════════════════════════════════════════════════
[2025-10-31 14:17:23] error: Error 500: User already exists with this email.
Method: POST
Path: /api/v1/users/register
Stack Trace:
  Error: User already exists with this email.
      at createUser (E:\backend_blueprint\services\userService.js:13:19)
      at process.processTicksAndRejections (node:internal/process/task_queues:95:5)
      at async E:\backend_blueprint\controllers\userController.js:19:18
═══════════════════════════════════════════════════════════════

═══════════════════════════════════════════════════════════════
[2025-10-31 14:17:23] info: ::1 - - [31/Oct/2025:08:47:23 +0000] "POST /api/v1/users/register HTTP/1.1" 500 346 "http://localhost:8080/" "Mozilla/5.0 (Windows NT 10.0; Win64; x64) AppleWebKit/537.36 (KHTML, like Gecko) Chrome/141.0.0.0 Safari/537.36"
═══════════════════════════════════════════════════════════════

═══════════════════════════════════════════════════════════════
[2025-10-31 14:18:03] info: Employer created: manvendra5@yopmail.com
═══════════════════════════════════════════════════════════════

═══════════════════════════════════════════════════════════════
[2025-10-31 14:18:03] info: ::1 - - [31/Oct/2025:08:48:03 +0000] "POST /api/v1/users/register HTTP/1.1" 201 84 "http://localhost:8080/" "Mozilla/5.0 (Windows NT 10.0; Win64; x64) AppleWebKit/537.36 (KHTML, like Gecko) Chrome/141.0.0.0 Safari/537.36"
═══════════════════════════════════════════════════════════════

═══════════════════════════════════════════════════════════════
[2025-10-31 14:22:56] error: Error 500: User already exists with this email.
Method: POST
Path: /api/v1/users/register
Stack Trace:
  Error: User already exists with this email.
      at createUser (E:\backend_blueprint\services\userService.js:13:19)
      at process.processTicksAndRejections (node:internal/process/task_queues:95:5)
      at async E:\backend_blueprint\controllers\userController.js:19:18
═══════════════════════════════════════════════════════════════

═══════════════════════════════════════════════════════════════
[2025-10-31 14:22:56] info: ::1 - - [31/Oct/2025:08:52:56 +0000] "POST /api/v1/users/register HTTP/1.1" 500 346 "http://localhost:8080/" "Mozilla/5.0 (Windows NT 10.0; Win64; x64) AppleWebKit/537.36 (KHTML, like Gecko) Chrome/141.0.0.0 Safari/537.36"
═══════════════════════════════════════════════════════════════

═══════════════════════════════════════════════════════════════
[2025-10-31 14:23:34] error: Error 500: User already exists with this email.
Method: POST
Path: /api/v1/users/register
Stack Trace:
  Error: User already exists with this email.
      at createUser (E:\backend_blueprint\services\userService.js:13:19)
      at process.processTicksAndRejections (node:internal/process/task_queues:95:5)
      at async E:\backend_blueprint\controllers\userController.js:19:18
═══════════════════════════════════════════════════════════════

═══════════════════════════════════════════════════════════════
[2025-10-31 14:23:34] info: ::1 - - [31/Oct/2025:08:53:34 +0000] "POST /api/v1/users/register HTTP/1.1" 500 346 "http://localhost:8080/" "Mozilla/5.0 (Windows NT 10.0; Win64; x64) AppleWebKit/537.36 (KHTML, like Gecko) Chrome/141.0.0.0 Safari/537.36"
═══════════════════════════════════════════════════════════════

═══════════════════════════════════════════════════════════════
[2025-10-31 14:25:29] error: Error 500: User already exists with this email.
Method: POST
Path: /api/v1/users/register
Stack Trace:
  Error: User already exists with this email.
      at createUser (E:\backend_blueprint\services\userService.js:13:19)
      at process.processTicksAndRejections (node:internal/process/task_queues:95:5)
      at async E:\backend_blueprint\controllers\userController.js:19:18
═══════════════════════════════════════════════════════════════

═══════════════════════════════════════════════════════════════
[2025-10-31 14:25:29] info: ::1 - - [31/Oct/2025:08:55:29 +0000] "POST /api/v1/users/register HTTP/1.1" 500 346 "http://localhost:8080/" "Mozilla/5.0 (Windows NT 10.0; Win64; x64) AppleWebKit/537.36 (KHTML, like Gecko) Chrome/141.0.0.0 Safari/537.36"
═══════════════════════════════════════════════════════════════

═══════════════════════════════════════════════════════════════
[2025-10-31 14:25:37] error: Error 500: User already exists with this email.
Method: POST
Path: /api/v1/users/register
Stack Trace:
  Error: User already exists with this email.
      at createUser (E:\backend_blueprint\services\userService.js:13:19)
      at process.processTicksAndRejections (node:internal/process/task_queues:95:5)
      at async E:\backend_blueprint\controllers\userController.js:19:18
═══════════════════════════════════════════════════════════════

═══════════════════════════════════════════════════════════════
[2025-10-31 14:25:37] info: ::1 - - [31/Oct/2025:08:55:37 +0000] "POST /api/v1/users/register HTTP/1.1" 500 346 "http://localhost:8080/" "Mozilla/5.0 (Windows NT 10.0; Win64; x64) AppleWebKit/537.36 (KHTML, like Gecko) Chrome/141.0.0.0 Safari/537.36"
═══════════════════════════════════════════════════════════════

═══════════════════════════════════════════════════════════════
[2025-10-31 14:27:48] error: Error 500: User already exists with this email.
Method: POST
Path: /api/v1/users/register
Stack Trace:
  Error: User already exists with this email.
      at createUser (E:\backend_blueprint\services\userService.js:13:19)
      at process.processTicksAndRejections (node:internal/process/task_queues:95:5)
      at async E:\backend_blueprint\controllers\userController.js:19:18
═══════════════════════════════════════════════════════════════

═══════════════════════════════════════════════════════════════
[2025-10-31 14:27:48] info: ::1 - - [31/Oct/2025:08:57:48 +0000] "POST /api/v1/users/register HTTP/1.1" 500 346 "http://localhost:8080/" "Mozilla/5.0 (Windows NT 10.0; Win64; x64) AppleWebKit/537.36 (KHTML, like Gecko) Chrome/141.0.0.0 Safari/537.36"
═══════════════════════════════════════════════════════════════

═══════════════════════════════════════════════════════════════
[2025-10-31 14:29:11] error: Error 500: User already exists with this email.
Method: POST
Path: /api/v1/users/register
Stack Trace:
  Error: User already exists with this email.
      at createUser (E:\backend_blueprint\services\userService.js:13:19)
      at process.processTicksAndRejections (node:internal/process/task_queues:95:5)
      at async E:\backend_blueprint\controllers\userController.js:19:18
═══════════════════════════════════════════════════════════════

═══════════════════════════════════════════════════════════════
[2025-10-31 14:29:11] info: ::1 - - [31/Oct/2025:08:59:11 +0000] "POST /api/v1/users/register HTTP/1.1" 500 346 "http://localhost:8080/" "Mozilla/5.0 (Windows NT 10.0; Win64; x64) AppleWebKit/537.36 (KHTML, like Gecko) Chrome/141.0.0.0 Safari/537.36"
═══════════════════════════════════════════════════════════════

═══════════════════════════════════════════════════════════════
[2025-10-31 14:31:36] error: Error 500: User already exists with this email.
Method: POST
Path: /api/v1/users/register
Stack Trace:
  Error: User already exists with this email.
      at createUser (E:\backend_blueprint\services\userService.js:13:19)
      at process.processTicksAndRejections (node:internal/process/task_queues:95:5)
      at async E:\backend_blueprint\controllers\userController.js:19:18
═══════════════════════════════════════════════════════════════

═══════════════════════════════════════════════════════════════
[2025-10-31 14:31:36] info: ::1 - - [31/Oct/2025:09:01:36 +0000] "POST /api/v1/users/register HTTP/1.1" 500 346 "-" "PostmanRuntime/7.48.0"
═══════════════════════════════════════════════════════════════

═══════════════════════════════════════════════════════════════
[2025-10-31 17:51:18] info: Shutting down gracefully...
═══════════════════════════════════════════════════════════════

═══════════════════════════════════════════════════════════════
[2025-11-03 10:20:10] error: MongoDB connection failed: Could not connect to any servers in your MongoDB Atlas cluster. One common reason is that you're trying to access the database from an IP that isn't whitelisted. Make sure your current IP address is on your Atlas cluster's IP whitelist: https://www.mongodb.com/docs/atlas/security-whitelist/
Meta:
{
  "errorLabelSet": {},
  "reason": {
    "type": "ReplicaSetNoPrimary",
    "servers": {
      "ac-qiegp7f-shard-00-00.l8amh3u.mongodb.net:27017": {
        "address": "ac-qiegp7f-shard-00-00.l8amh3u.mongodb.net:27017",
        "type": "Unknown",
        "hosts": [],
        "passives": [],
        "arbiters": [],
        "tags": {},
        "minWireVersion": 0,
        "maxWireVersion": 0,
        "roundTripTime": -1,
        "minRoundTripTime": 0,
        "lastUpdateTime": 1535048414,
        "lastWriteDate": 0,
        "error": {
          "errorLabelSet": {},
          "beforeHandshake": false
        },
        "topologyVersion": null,
        "setName": null,
        "setVersion": null,
        "electionId": null,
        "logicalSessionTimeoutMinutes": null,
        "maxMessageSizeBytes": null,
        "maxWriteBatchSize": null,
        "maxBsonObjectSize": null,
        "primary": null,
        "me": null,
        "$clusterTime": null,
        "iscryptd": false
      },
      "ac-qiegp7f-shard-00-01.l8amh3u.mongodb.net:27017": {
        "address": "ac-qiegp7f-shard-00-01.l8amh3u.mongodb.net:27017",
        "type": "Unknown",
        "hosts": [],
        "passives": [],
        "arbiters": [],
        "tags": {},
        "minWireVersion": 0,
        "maxWireVersion": 0,
        "roundTripTime": -1,
        "minRoundTripTime": 0,
        "lastUpdateTime": 1535048907,
        "lastWriteDate": 0,
        "error": {
          "errorLabelSet": {},
          "beforeHandshake": false
        },
        "topologyVersion": null,
        "setName": null,
        "setVersion": null,
        "electionId": null,
        "logicalSessionTimeoutMinutes": null,
        "maxMessageSizeBytes": null,
        "maxWriteBatchSize": null,
        "maxBsonObjectSize": null,
        "primary": null,
        "me": null,
        "$clusterTime": null,
        "iscryptd": false
      },
      "ac-qiegp7f-shard-00-02.l8amh3u.mongodb.net:27017": {
        "address": "ac-qiegp7f-shard-00-02.l8amh3u.mongodb.net:27017",
        "type": "Unknown",
        "hosts": [],
        "passives": [],
        "arbiters": [],
        "tags": {},
        "minWireVersion": 0,
        "maxWireVersion": 0,
        "roundTripTime": -1,
        "minRoundTripTime": 0,
        "lastUpdateTime": 1535048411,
        "lastWriteDate": 0,
        "error": {
          "errorLabelSet": {},
          "beforeHandshake": false
        },
        "topologyVersion": null,
        "setName": null,
        "setVersion": null,
        "electionId": null,
        "logicalSessionTimeoutMinutes": null,
        "maxMessageSizeBytes": null,
        "maxWriteBatchSize": null,
        "maxBsonObjectSize": null,
        "primary": null,
        "me": null,
        "$clusterTime": null,
        "iscryptd": false
      }
    },
    "stale": false,
    "compatible": true,
    "heartbeatFrequencyMS": 10000,
    "localThresholdMS": 15,
    "setName": "atlas-dlqn78-shard-0",
    "maxElectionId": null,
    "maxSetVersion": null,
    "commonWireVersion": 0,
    "logicalSessionTimeoutMinutes": null
  },
  "cause": {
    "type": "ReplicaSetNoPrimary",
    "servers": {
      "ac-qiegp7f-shard-00-00.l8amh3u.mongodb.net:27017": {
        "address": "ac-qiegp7f-shard-00-00.l8amh3u.mongodb.net:27017",
        "type": "Unknown",
        "hosts": [],
        "passives": [],
        "arbiters": [],
        "tags": {},
        "minWireVersion": 0,
        "maxWireVersion": 0,
        "roundTripTime": -1,
        "minRoundTripTime": 0,
        "lastUpdateTime": 1535048414,
        "lastWriteDate": 0,
        "error": {
          "errorLabelSet": {},
          "beforeHandshake": false
        },
        "topologyVersion": null,
        "setName": null,
        "setVersion": null,
        "electionId": null,
        "logicalSessionTimeoutMinutes": null,
        "maxMessageSizeBytes": null,
        "maxWriteBatchSize": null,
        "maxBsonObjectSize": null,
        "primary": null,
        "me": null,
        "$clusterTime": null,
        "iscryptd": false
      },
      "ac-qiegp7f-shard-00-01.l8amh3u.mongodb.net:27017": {
        "address": "ac-qiegp7f-shard-00-01.l8amh3u.mongodb.net:27017",
        "type": "Unknown",
        "hosts": [],
        "passives": [],
        "arbiters": [],
        "tags": {},
        "minWireVersion": 0,
        "maxWireVersion": 0,
        "roundTripTime": -1,
        "minRoundTripTime": 0,
        "lastUpdateTime": 1535048907,
        "lastWriteDate": 0,
        "error": {
          "errorLabelSet": {},
          "beforeHandshake": false
        },
        "topologyVersion": null,
        "setName": null,
        "setVersion": null,
        "electionId": null,
        "logicalSessionTimeoutMinutes": null,
        "maxMessageSizeBytes": null,
        "maxWriteBatchSize": null,
        "maxBsonObjectSize": null,
        "primary": null,
        "me": null,
        "$clusterTime": null,
        "iscryptd": false
      },
      "ac-qiegp7f-shard-00-02.l8amh3u.mongodb.net:27017": {
        "address": "ac-qiegp7f-shard-00-02.l8amh3u.mongodb.net:27017",
        "type": "Unknown",
        "hosts": [],
        "passives": [],
        "arbiters": [],
        "tags": {},
        "minWireVersion": 0,
        "maxWireVersion": 0,
        "roundTripTime": -1,
        "minRoundTripTime": 0,
        "lastUpdateTime": 1535048411,
        "lastWriteDate": 0,
        "error": {
          "errorLabelSet": {},
          "beforeHandshake": false
        },
        "topologyVersion": null,
        "setName": null,
        "setVersion": null,
        "electionId": null,
        "logicalSessionTimeoutMinutes": null,
        "maxMessageSizeBytes": null,
        "maxWriteBatchSize": null,
        "maxBsonObjectSize": null,
        "primary": null,
        "me": null,
        "$clusterTime": null,
        "iscryptd": false
      }
    },
    "stale": false,
    "compatible": true,
    "heartbeatFrequencyMS": 10000,
    "localThresholdMS": 15,
    "setName": "atlas-dlqn78-shard-0",
    "maxElectionId": null,
    "maxSetVersion": null,
    "commonWireVersion": 0,
    "logicalSessionTimeoutMinutes": null
  }
}
Stack Trace:
  MongooseServerSelectionError: Could not connect to any servers in your MongoDB Atlas cluster. One common reason is that you're trying to access the database from an IP that isn't whitelisted. Make sure your current IP address is on your Atlas cluster's IP whitelist: https://www.mongodb.com/docs/atlas/security-whitelist/
      at _handleConnectionErrors (E:\dynamic-job-backend\node_modules\mongoose\lib\connection.js:1169:11)
      at NativeConnection.openUri (E:\dynamic-job-backend\node_modules\mongoose\lib\connection.js:1100:11)
      at async connectDB (E:\dynamic-job-backend\config\db.js:7:5)
      at async startServer (E:\dynamic-job-backend\index.js:12:5)
═══════════════════════════════════════════════════════════════

═══════════════════════════════════════════════════════════════
[2025-11-03 10:26:01] info: MongoDB connected successfully
═══════════════════════════════════════════════════════════════

═══════════════════════════════════════════════════════════════
[2025-11-03 10:26:01] info: Server running on port 5000 in development mode
═══════════════════════════════════════════════════════════════

═══════════════════════════════════════════════════════════════
[2025-11-03 10:28:21] info: MongoDB connected successfully
═══════════════════════════════════════════════════════════════

═══════════════════════════════════════════════════════════════
[2025-11-03 10:28:21] info: Server running on port 5000 in development mode
═══════════════════════════════════════════════════════════════

═══════════════════════════════════════════════════════════════
[2025-11-03 10:28:47] info: MongoDB connected successfully
═══════════════════════════════════════════════════════════════

═══════════════════════════════════════════════════════════════
[2025-11-03 10:28:47] info: Server running on port 5000 in development mode
═══════════════════════════════════════════════════════════════

═══════════════════════════════════════════════════════════════
[2025-11-03 10:29:04] info: MongoDB connected successfully
═══════════════════════════════════════════════════════════════

═══════════════════════════════════════════════════════════════
[2025-11-03 10:29:04] info: Server running on port 5000 in development mode
═══════════════════════════════════════════════════════════════

═══════════════════════════════════════════════════════════════
[2025-11-03 10:29:12] info: MongoDB connected successfully
═══════════════════════════════════════════════════════════════

═══════════════════════════════════════════════════════════════
[2025-11-03 10:29:12] info: Server running on port 5000 in development mode
═══════════════════════════════════════════════════════════════

═══════════════════════════════════════════════════════════════
[2025-11-03 10:29:18] info: MongoDB connected successfully
═══════════════════════════════════════════════════════════════

═══════════════════════════════════════════════════════════════
[2025-11-03 10:29:18] info: Server running on port 5000 in development mode
═══════════════════════════════════════════════════════════════

═══════════════════════════════════════════════════════════════
[2025-11-03 10:29:22] info: MongoDB connected successfully
═══════════════════════════════════════════════════════════════

═══════════════════════════════════════════════════════════════
[2025-11-03 10:29:22] info: Server running on port 5000 in development mode
═══════════════════════════════════════════════════════════════

═══════════════════════════════════════════════════════════════
[2025-11-03 10:29:41] info: MongoDB connected successfully
═══════════════════════════════════════════════════════════════

═══════════════════════════════════════════════════════════════
[2025-11-03 10:29:41] info: Server running on port 5000 in development mode
═══════════════════════════════════════════════════════════════

═══════════════════════════════════════════════════════════════
[2025-11-03 10:30:06] info: MongoDB connected successfully
═══════════════════════════════════════════════════════════════

═══════════════════════════════════════════════════════════════
[2025-11-03 10:30:06] info: Server running on port 5000 in development mode
═══════════════════════════════════════════════════════════════

═══════════════════════════════════════════════════════════════
[2025-11-03 10:30:17] info: MongoDB connected successfully
═══════════════════════════════════════════════════════════════

═══════════════════════════════════════════════════════════════
[2025-11-03 10:30:17] info: Server running on port 5000 in development mode
═══════════════════════════════════════════════════════════════

═══════════════════════════════════════════════════════════════
[2025-11-03 10:30:31] info: MongoDB connected successfully
═══════════════════════════════════════════════════════════════

═══════════════════════════════════════════════════════════════
[2025-11-03 10:30:31] info: Server running on port 5000 in development mode
═══════════════════════════════════════════════════════════════

═══════════════════════════════════════════════════════════════
[2025-11-03 10:31:04] info: MongoDB connected successfully
═══════════════════════════════════════════════════════════════

═══════════════════════════════════════════════════════════════
[2025-11-03 10:31:04] info: Server running on port 5000 in development mode
═══════════════════════════════════════════════════════════════

═══════════════════════════════════════════════════════════════
[2025-11-03 10:31:38] info: MongoDB connected successfully
═══════════════════════════════════════════════════════════════

═══════════════════════════════════════════════════════════════
[2025-11-03 10:31:38] info: Server running on port 5000 in development mode
═══════════════════════════════════════════════════════════════

═══════════════════════════════════════════════════════════════
[2025-11-03 10:31:54] info: MongoDB connected successfully
═══════════════════════════════════════════════════════════════

═══════════════════════════════════════════════════════════════
[2025-11-03 10:31:54] info: Server running on port 5000 in development mode
═══════════════════════════════════════════════════════════════

═══════════════════════════════════════════════════════════════
[2025-11-03 10:32:33] info: MongoDB connected successfully
═══════════════════════════════════════════════════════════════

═══════════════════════════════════════════════════════════════
[2025-11-03 10:32:33] info: Server running on port 5000 in development mode
═══════════════════════════════════════════════════════════════

═══════════════════════════════════════════════════════════════
[2025-11-03 10:33:06] info: MongoDB connected successfully
═══════════════════════════════════════════════════════════════

═══════════════════════════════════════════════════════════════
[2025-11-03 10:33:06] info: Server running on port 5000 in development mode
═══════════════════════════════════════════════════════════════

═══════════════════════════════════════════════════════════════
[2025-11-03 10:33:10] info: MongoDB connected successfully
═══════════════════════════════════════════════════════════════

═══════════════════════════════════════════════════════════════
[2025-11-03 10:33:10] info: Server running on port 5000 in development mode
═══════════════════════════════════════════════════════════════

═══════════════════════════════════════════════════════════════
[2025-11-03 10:33:22] info: MongoDB connected successfully
═══════════════════════════════════════════════════════════════

═══════════════════════════════════════════════════════════════
[2025-11-03 10:33:22] info: Server running on port 5000 in development mode
═══════════════════════════════════════════════════════════════

═══════════════════════════════════════════════════════════════
[2025-11-03 10:33:29] info: MongoDB connected successfully
═══════════════════════════════════════════════════════════════

═══════════════════════════════════════════════════════════════
[2025-11-03 10:33:29] info: Server running on port 5000 in development mode
═══════════════════════════════════════════════════════════════

═══════════════════════════════════════════════════════════════
[2025-11-03 10:33:33] info: MongoDB connected successfully
═══════════════════════════════════════════════════════════════

═══════════════════════════════════════════════════════════════
[2025-11-03 10:33:33] info: Server running on port 5000 in development mode
═══════════════════════════════════════════════════════════════

═══════════════════════════════════════════════════════════════
[2025-11-03 10:33:37] info: MongoDB connected successfully
═══════════════════════════════════════════════════════════════

═══════════════════════════════════════════════════════════════
[2025-11-03 10:33:37] info: Server running on port 5000 in development mode
═══════════════════════════════════════════════════════════════

═══════════════════════════════════════════════════════════════
[2025-11-03 10:33:46] info: MongoDB connected successfully
═══════════════════════════════════════════════════════════════

═══════════════════════════════════════════════════════════════
[2025-11-03 10:33:46] info: Server running on port 5000 in development mode
═══════════════════════════════════════════════════════════════

═══════════════════════════════════════════════════════════════
[2025-11-03 10:34:13] info: MongoDB connected successfully
═══════════════════════════════════════════════════════════════

═══════════════════════════════════════════════════════════════
[2025-11-03 10:34:13] info: Server running on port 5000 in development mode
═══════════════════════════════════════════════════════════════

═══════════════════════════════════════════════════════════════
[2025-11-03 10:34:20] info: MongoDB connected successfully
═══════════════════════════════════════════════════════════════

═══════════════════════════════════════════════════════════════
[2025-11-03 10:34:20] info: Server running on port 5000 in development mode
═══════════════════════════════════════════════════════════════

═══════════════════════════════════════════════════════════════
[2025-11-03 10:34:22] info: MongoDB connected successfully
═══════════════════════════════════════════════════════════════

═══════════════════════════════════════════════════════════════
[2025-11-03 10:34:22] info: Server running on port 5000 in development mode
═══════════════════════════════════════════════════════════════

═══════════════════════════════════════════════════════════════
[2025-11-03 10:34:25] info: MongoDB connected successfully
═══════════════════════════════════════════════════════════════

═══════════════════════════════════════════════════════════════
[2025-11-03 10:34:25] info: Server running on port 5000 in development mode
═══════════════════════════════════════════════════════════════

═══════════════════════════════════════════════════════════════
[2025-11-03 10:34:28] info: MongoDB connected successfully
═══════════════════════════════════════════════════════════════

═══════════════════════════════════════════════════════════════
[2025-11-03 10:34:29] info: Server running on port 5000 in development mode
═══════════════════════════════════════════════════════════════

═══════════════════════════════════════════════════════════════
[2025-11-03 10:34:32] info: MongoDB connected successfully
═══════════════════════════════════════════════════════════════

═══════════════════════════════════════════════════════════════
[2025-11-03 10:34:32] info: Server running on port 5000 in development mode
═══════════════════════════════════════════════════════════════

═══════════════════════════════════════════════════════════════
[2025-11-03 10:34:37] info: MongoDB connected successfully
═══════════════════════════════════════════════════════════════

═══════════════════════════════════════════════════════════════
[2025-11-03 10:34:37] info: Server running on port 5000 in development mode
═══════════════════════════════════════════════════════════════

═══════════════════════════════════════════════════════════════
[2025-11-03 10:34:39] info: MongoDB connected successfully
═══════════════════════════════════════════════════════════════

═══════════════════════════════════════════════════════════════
[2025-11-03 10:34:39] info: Server running on port 5000 in development mode
═══════════════════════════════════════════════════════════════

═══════════════════════════════════════════════════════════════
[2025-11-03 10:34:44] info: MongoDB connected successfully
═══════════════════════════════════════════════════════════════

═══════════════════════════════════════════════════════════════
[2025-11-03 10:34:44] info: Server running on port 5000 in development mode
═══════════════════════════════════════════════════════════════

═══════════════════════════════════════════════════════════════
[2025-11-03 10:34:49] info: MongoDB connected successfully
═══════════════════════════════════════════════════════════════

═══════════════════════════════════════════════════════════════
[2025-11-03 10:34:49] info: Server running on port 5000 in development mode
═══════════════════════════════════════════════════════════════

═══════════════════════════════════════════════════════════════
[2025-11-03 10:34:51] info: MongoDB connected successfully
═══════════════════════════════════════════════════════════════

═══════════════════════════════════════════════════════════════
[2025-11-03 10:34:51] info: Server running on port 5000 in development mode
═══════════════════════════════════════════════════════════════

═══════════════════════════════════════════════════════════════
[2025-11-03 10:34:54] info: MongoDB connected successfully
═══════════════════════════════════════════════════════════════

═══════════════════════════════════════════════════════════════
[2025-11-03 10:34:54] info: Server running on port 5000 in development mode
═══════════════════════════════════════════════════════════════

═══════════════════════════════════════════════════════════════
[2025-11-03 10:34:57] info: MongoDB connected successfully
═══════════════════════════════════════════════════════════════

═══════════════════════════════════════════════════════════════
[2025-11-03 10:34:57] info: Server running on port 5000 in development mode
═══════════════════════════════════════════════════════════════

═══════════════════════════════════════════════════════════════
[2025-11-03 10:35:07] info: MongoDB connected successfully
═══════════════════════════════════════════════════════════════

═══════════════════════════════════════════════════════════════
[2025-11-03 10:35:07] info: Server running on port 5000 in development mode
═══════════════════════════════════════════════════════════════

═══════════════════════════════════════════════════════════════
[2025-11-03 10:35:11] info: MongoDB connected successfully
═══════════════════════════════════════════════════════════════

═══════════════════════════════════════════════════════════════
[2025-11-03 10:35:11] info: Server running on port 5000 in development mode
═══════════════════════════════════════════════════════════════

═══════════════════════════════════════════════════════════════
[2025-11-03 10:35:17] info: MongoDB connected successfully
═══════════════════════════════════════════════════════════════

═══════════════════════════════════════════════════════════════
[2025-11-03 10:35:17] info: Server running on port 5000 in development mode
═══════════════════════════════════════════════════════════════

═══════════════════════════════════════════════════════════════
[2025-11-03 10:35:23] info: MongoDB connected successfully
═══════════════════════════════════════════════════════════════

═══════════════════════════════════════════════════════════════
[2025-11-03 10:35:23] info: Server running on port 5000 in development mode
═══════════════════════════════════════════════════════════════

═══════════════════════════════════════════════════════════════
[2025-11-03 10:35:28] info: MongoDB connected successfully
═══════════════════════════════════════════════════════════════

═══════════════════════════════════════════════════════════════
[2025-11-03 10:35:28] info: Server running on port 5000 in development mode
═══════════════════════════════════════════════════════════════

═══════════════════════════════════════════════════════════════
[2025-11-03 10:35:31] info: MongoDB connected successfully
═══════════════════════════════════════════════════════════════

═══════════════════════════════════════════════════════════════
[2025-11-03 10:35:31] info: Server running on port 5000 in development mode
═══════════════════════════════════════════════════════════════

═══════════════════════════════════════════════════════════════
[2025-11-03 10:35:41] info: MongoDB connected successfully
═══════════════════════════════════════════════════════════════

═══════════════════════════════════════════════════════════════
[2025-11-03 10:35:41] info: Server running on port 5000 in development mode
═══════════════════════════════════════════════════════════════

═══════════════════════════════════════════════════════════════
[2025-11-03 10:35:48] info: MongoDB connected successfully
═══════════════════════════════════════════════════════════════

═══════════════════════════════════════════════════════════════
[2025-11-03 10:35:48] info: Server running on port 5000 in development mode
═══════════════════════════════════════════════════════════════

═══════════════════════════════════════════════════════════════
[2025-11-03 10:35:53] info: MongoDB connected successfully
═══════════════════════════════════════════════════════════════

═══════════════════════════════════════════════════════════════
[2025-11-03 10:35:53] info: Server running on port 5000 in development mode
═══════════════════════════════════════════════════════════════

═══════════════════════════════════════════════════════════════
[2025-11-03 10:36:11] info: MongoDB connected successfully
═══════════════════════════════════════════════════════════════

═══════════════════════════════════════════════════════════════
[2025-11-03 10:36:11] info: Server running on port 5000 in development mode
═══════════════════════════════════════════════════════════════

═══════════════════════════════════════════════════════════════
[2025-11-03 10:36:19] info: MongoDB connected successfully
═══════════════════════════════════════════════════════════════

═══════════════════════════════════════════════════════════════
[2025-11-03 10:36:19] info: Server running on port 5000 in development mode
═══════════════════════════════════════════════════════════════

═══════════════════════════════════════════════════════════════
[2025-11-03 10:39:12] info: MongoDB connected successfully
═══════════════════════════════════════════════════════════════

═══════════════════════════════════════════════════════════════
[2025-11-03 10:39:12] info: Server running on port 5000 in development mode
═══════════════════════════════════════════════════════════════

═══════════════════════════════════════════════════════════════
[2025-11-03 10:39:35] info: MongoDB connected successfully
═══════════════════════════════════════════════════════════════

═══════════════════════════════════════════════════════════════
[2025-11-03 10:39:35] info: Server running on port 5000 in development mode
═══════════════════════════════════════════════════════════════

═══════════════════════════════════════════════════════════════
[2025-11-03 10:39:42] info: MongoDB connected successfully
═══════════════════════════════════════════════════════════════

═══════════════════════════════════════════════════════════════
[2025-11-03 10:39:42] info: Server running on port 5000 in development mode
═══════════════════════════════════════════════════════════════

═══════════════════════════════════════════════════════════════
[2025-11-03 10:39:48] info: MongoDB connected successfully
═══════════════════════════════════════════════════════════════

═══════════════════════════════════════════════════════════════
[2025-11-03 10:39:48] info: Server running on port 5000 in development mode
═══════════════════════════════════════════════════════════════

═══════════════════════════════════════════════════════════════
[2025-11-03 10:40:00] info: MongoDB connected successfully
═══════════════════════════════════════════════════════════════

═══════════════════════════════════════════════════════════════
[2025-11-03 10:40:00] info: Server running on port 5000 in development mode
═══════════════════════════════════════════════════════════════

═══════════════════════════════════════════════════════════════
[2025-11-03 10:40:08] info: MongoDB connected successfully
═══════════════════════════════════════════════════════════════

═══════════════════════════════════════════════════════════════
[2025-11-03 10:40:08] info: Server running on port 5000 in development mode
═══════════════════════════════════════════════════════════════

═══════════════════════════════════════════════════════════════
[2025-11-03 10:40:13] info: MongoDB connected successfully
═══════════════════════════════════════════════════════════════

═══════════════════════════════════════════════════════════════
[2025-11-03 10:40:13] info: Server running on port 5000 in development mode
═══════════════════════════════════════════════════════════════

═══════════════════════════════════════════════════════════════
[2025-11-03 10:40:48] info: MongoDB connected successfully
═══════════════════════════════════════════════════════════════

═══════════════════════════════════════════════════════════════
[2025-11-03 10:40:48] info: Server running on port 5000 in development mode
═══════════════════════════════════════════════════════════════

═══════════════════════════════════════════════════════════════
[2025-11-03 10:42:21] info: MongoDB connected successfully
═══════════════════════════════════════════════════════════════

═══════════════════════════════════════════════════════════════
[2025-11-03 10:42:21] info: Server running on port 5000 in development mode
═══════════════════════════════════════════════════════════════

═══════════════════════════════════════════════════════════════
[2025-11-03 10:43:37] info: MongoDB connected successfully
═══════════════════════════════════════════════════════════════

═══════════════════════════════════════════════════════════════
[2025-11-03 10:43:37] info: Server running on port 5000 in development mode
═══════════════════════════════════════════════════════════════

═══════════════════════════════════════════════════════════════
[2025-11-03 10:43:40] info: MongoDB connected successfully
═══════════════════════════════════════════════════════════════

═══════════════════════════════════════════════════════════════
[2025-11-03 10:43:40] info: Server running on port 5000 in development mode
═══════════════════════════════════════════════════════════════

═══════════════════════════════════════════════════════════════
[2025-11-03 10:44:04] info: MongoDB connected successfully
═══════════════════════════════════════════════════════════════

═══════════════════════════════════════════════════════════════
[2025-11-03 10:44:04] info: Server running on port 5000 in development mode
═══════════════════════════════════════════════════════════════

═══════════════════════════════════════════════════════════════
[2025-11-03 10:44:37] info: MongoDB connected successfully
═══════════════════════════════════════════════════════════════

═══════════════════════════════════════════════════════════════
[2025-11-03 10:44:37] info: Server running on port 5000 in development mode
═══════════════════════════════════════════════════════════════

═══════════════════════════════════════════════════════════════
[2025-11-03 10:44:41] info: MongoDB connected successfully
═══════════════════════════════════════════════════════════════

═══════════════════════════════════════════════════════════════
[2025-11-03 10:44:41] info: Server running on port 5000 in development mode
═══════════════════════════════════════════════════════════════

═══════════════════════════════════════════════════════════════
[2025-11-03 10:44:45] info: MongoDB connected successfully
═══════════════════════════════════════════════════════════════

═══════════════════════════════════════════════════════════════
[2025-11-03 10:44:45] info: Server running on port 5000 in development mode
═══════════════════════════════════════════════════════════════

═══════════════════════════════════════════════════════════════
[2025-11-03 10:44:52] info: MongoDB connected successfully
═══════════════════════════════════════════════════════════════

═══════════════════════════════════════════════════════════════
[2025-11-03 10:44:52] info: Server running on port 5000 in development mode
═══════════════════════════════════════════════════════════════

═══════════════════════════════════════════════════════════════
[2025-11-03 10:45:05] info: MongoDB connected successfully
═══════════════════════════════════════════════════════════════

═══════════════════════════════════════════════════════════════
[2025-11-03 10:45:05] info: Server running on port 5000 in development mode
═══════════════════════════════════════════════════════════════

═══════════════════════════════════════════════════════════════
[2025-11-03 10:46:27] info: MongoDB connected successfully
═══════════════════════════════════════════════════════════════

═══════════════════════════════════════════════════════════════
[2025-11-03 10:46:27] info: Server running on port 5000 in development mode
═══════════════════════════════════════════════════════════════

═══════════════════════════════════════════════════════════════
[2025-11-03 10:46:35] info: MongoDB connected successfully
═══════════════════════════════════════════════════════════════

═══════════════════════════════════════════════════════════════
[2025-11-03 10:46:35] info: Server running on port 5000 in development mode
═══════════════════════════════════════════════════════════════

═══════════════════════════════════════════════════════════════
[2025-11-03 10:46:48] info: MongoDB connected successfully
═══════════════════════════════════════════════════════════════

═══════════════════════════════════════════════════════════════
[2025-11-03 10:46:48] info: Server running on port 5000 in development mode
═══════════════════════════════════════════════════════════════

═══════════════════════════════════════════════════════════════
[2025-11-03 10:47:04] info: MongoDB connected successfully
═══════════════════════════════════════════════════════════════

═══════════════════════════════════════════════════════════════
[2025-11-03 10:47:04] info: Server running on port 5000 in development mode
═══════════════════════════════════════════════════════════════

═══════════════════════════════════════════════════════════════
[2025-11-03 10:47:09] info: MongoDB connected successfully
═══════════════════════════════════════════════════════════════

═══════════════════════════════════════════════════════════════
[2025-11-03 10:47:09] info: Server running on port 5000 in development mode
═══════════════════════════════════════════════════════════════

═══════════════════════════════════════════════════════════════
[2025-11-03 10:47:30] info: MongoDB connected successfully
═══════════════════════════════════════════════════════════════

═══════════════════════════════════════════════════════════════
[2025-11-03 10:47:30] info: Server running on port 5000 in development mode
═══════════════════════════════════════════════════════════════

═══════════════════════════════════════════════════════════════
[2025-11-03 10:47:34] info: MongoDB connected successfully
═══════════════════════════════════════════════════════════════

═══════════════════════════════════════════════════════════════
[2025-11-03 10:47:34] info: Server running on port 5000 in development mode
═══════════════════════════════════════════════════════════════

═══════════════════════════════════════════════════════════════
[2025-11-03 10:47:44] info: MongoDB connected successfully
═══════════════════════════════════════════════════════════════

═══════════════════════════════════════════════════════════════
[2025-11-03 10:47:44] info: Server running on port 5000 in development mode
═══════════════════════════════════════════════════════════════

═══════════════════════════════════════════════════════════════
[2025-11-03 10:47:52] info: MongoDB connected successfully
═══════════════════════════════════════════════════════════════

═══════════════════════════════════════════════════════════════
[2025-11-03 10:47:52] info: Server running on port 5000 in development mode
═══════════════════════════════════════════════════════════════

═══════════════════════════════════════════════════════════════
[2025-11-03 10:48:05] info: MongoDB connected successfully
═══════════════════════════════════════════════════════════════

═══════════════════════════════════════════════════════════════
[2025-11-03 10:48:05] info: Server running on port 5000 in development mode
═══════════════════════════════════════════════════════════════

═══════════════════════════════════════════════════════════════
[2025-11-03 10:48:14] info: MongoDB connected successfully
═══════════════════════════════════════════════════════════════

═══════════════════════════════════════════════════════════════
[2025-11-03 10:48:14] info: Server running on port 5000 in development mode
═══════════════════════════════════════════════════════════════

═══════════════════════════════════════════════════════════════
[2025-11-03 10:48:19] info: MongoDB connected successfully
═══════════════════════════════════════════════════════════════

═══════════════════════════════════════════════════════════════
[2025-11-03 10:48:19] info: Server running on port 5000 in development mode
═══════════════════════════════════════════════════════════════

═══════════════════════════════════════════════════════════════
[2025-11-03 10:48:33] info: MongoDB connected successfully
═══════════════════════════════════════════════════════════════

═══════════════════════════════════════════════════════════════
[2025-11-03 10:48:33] info: Server running on port 5000 in development mode
═══════════════════════════════════════════════════════════════

═══════════════════════════════════════════════════════════════
[2025-11-03 10:48:36] info: MongoDB connected successfully
═══════════════════════════════════════════════════════════════

═══════════════════════════════════════════════════════════════
[2025-11-03 10:48:36] info: Server running on port 5000 in development mode
═══════════════════════════════════════════════════════════════

═══════════════════════════════════════════════════════════════
[2025-11-03 10:48:41] info: MongoDB connected successfully
═══════════════════════════════════════════════════════════════

═══════════════════════════════════════════════════════════════
[2025-11-03 10:48:41] info: Server running on port 5000 in development mode
═══════════════════════════════════════════════════════════════

═══════════════════════════════════════════════════════════════
[2025-11-03 10:48:51] info: MongoDB connected successfully
═══════════════════════════════════════════════════════════════

═══════════════════════════════════════════════════════════════
[2025-11-03 10:48:51] info: Server running on port 5000 in development mode
═══════════════════════════════════════════════════════════════

═══════════════════════════════════════════════════════════════
[2025-11-03 10:49:01] info: MongoDB connected successfully
═══════════════════════════════════════════════════════════════

═══════════════════════════════════════════════════════════════
[2025-11-03 10:49:01] info: Server running on port 5000 in development mode
═══════════════════════════════════════════════════════════════

═══════════════════════════════════════════════════════════════
[2025-11-03 10:49:44] info: MongoDB connected successfully
═══════════════════════════════════════════════════════════════

═══════════════════════════════════════════════════════════════
[2025-11-03 10:49:44] info: Server running on port 5000 in development mode
═══════════════════════════════════════════════════════════════

═══════════════════════════════════════════════════════════════
[2025-11-03 10:50:03] info: MongoDB connected successfully
═══════════════════════════════════════════════════════════════

═══════════════════════════════════════════════════════════════
[2025-11-03 10:50:03] info: Server running on port 5000 in development mode
═══════════════════════════════════════════════════════════════

═══════════════════════════════════════════════════════════════
[2025-11-03 10:50:12] info: MongoDB connected successfully
═══════════════════════════════════════════════════════════════

═══════════════════════════════════════════════════════════════
[2025-11-03 10:50:12] info: Server running on port 5000 in development mode
═══════════════════════════════════════════════════════════════

═══════════════════════════════════════════════════════════════
[2025-11-03 10:50:19] info: MongoDB connected successfully
═══════════════════════════════════════════════════════════════

═══════════════════════════════════════════════════════════════
[2025-11-03 10:50:19] info: Server running on port 5000 in development mode
═══════════════════════════════════════════════════════════════

═══════════════════════════════════════════════════════════════
[2025-11-03 10:52:23] info: MongoDB connected successfully
═══════════════════════════════════════════════════════════════

═══════════════════════════════════════════════════════════════
[2025-11-03 10:52:23] info: Server running on port 5000 in development mode
═══════════════════════════════════════════════════════════════

═══════════════════════════════════════════════════════════════
[2025-11-03 10:52:25] info: MongoDB connected successfully
═══════════════════════════════════════════════════════════════

═══════════════════════════════════════════════════════════════
[2025-11-03 10:52:25] info: Server running on port 5000 in development mode
═══════════════════════════════════════════════════════════════

═══════════════════════════════════════════════════════════════
[2025-11-03 10:52:29] info: MongoDB connected successfully
═══════════════════════════════════════════════════════════════

═══════════════════════════════════════════════════════════════
[2025-11-03 10:52:29] info: Server running on port 5000 in development mode
═══════════════════════════════════════════════════════════════

═══════════════════════════════════════════════════════════════
[2025-11-03 10:53:24] info: MongoDB connected successfully
═══════════════════════════════════════════════════════════════

═══════════════════════════════════════════════════════════════
[2025-11-03 10:53:24] info: Server running on port 5000 in development mode
═══════════════════════════════════════════════════════════════

═══════════════════════════════════════════════════════════════
[2025-11-03 10:53:30] info: MongoDB connected successfully
═══════════════════════════════════════════════════════════════

═══════════════════════════════════════════════════════════════
[2025-11-03 10:53:30] info: Server running on port 5000 in development mode
═══════════════════════════════════════════════════════════════

═══════════════════════════════════════════════════════════════
[2025-11-03 10:53:36] info: MongoDB connected successfully
═══════════════════════════════════════════════════════════════

═══════════════════════════════════════════════════════════════
[2025-11-03 10:53:36] info: Server running on port 5000 in development mode
═══════════════════════════════════════════════════════════════

═══════════════════════════════════════════════════════════════
[2025-11-03 10:53:38] info: MongoDB connected successfully
═══════════════════════════════════════════════════════════════

═══════════════════════════════════════════════════════════════
[2025-11-03 10:53:38] info: Server running on port 5000 in development mode
═══════════════════════════════════════════════════════════════

═══════════════════════════════════════════════════════════════
[2025-11-03 10:53:43] info: MongoDB connected successfully
═══════════════════════════════════════════════════════════════

═══════════════════════════════════════════════════════════════
[2025-11-03 10:53:43] info: Server running on port 5000 in development mode
═══════════════════════════════════════════════════════════════

═══════════════════════════════════════════════════════════════
[2025-11-03 10:53:50] info: MongoDB connected successfully
═══════════════════════════════════════════════════════════════

═══════════════════════════════════════════════════════════════
[2025-11-03 10:53:50] info: Server running on port 5000 in development mode
═══════════════════════════════════════════════════════════════

═══════════════════════════════════════════════════════════════
[2025-11-03 10:53:52] info: MongoDB connected successfully
═══════════════════════════════════════════════════════════════

═══════════════════════════════════════════════════════════════
[2025-11-03 10:53:52] info: Server running on port 5000 in development mode
═══════════════════════════════════════════════════════════════

═══════════════════════════════════════════════════════════════
[2025-11-03 10:54:02] info: MongoDB connected successfully
═══════════════════════════════════════════════════════════════

═══════════════════════════════════════════════════════════════
[2025-11-03 10:54:02] info: Server running on port 5000 in development mode
═══════════════════════════════════════════════════════════════

═══════════════════════════════════════════════════════════════
[2025-11-03 10:54:25] info: MongoDB connected successfully
═══════════════════════════════════════════════════════════════

═══════════════════════════════════════════════════════════════
[2025-11-03 10:54:25] info: Server running on port 5000 in development mode
═══════════════════════════════════════════════════════════════

═══════════════════════════════════════════════════════════════
[2025-11-03 10:54:31] info: MongoDB connected successfully
═══════════════════════════════════════════════════════════════

═══════════════════════════════════════════════════════════════
[2025-11-03 10:54:31] info: Server running on port 5000 in development mode
═══════════════════════════════════════════════════════════════

═══════════════════════════════════════════════════════════════
[2025-11-03 10:54:36] info: MongoDB connected successfully
═══════════════════════════════════════════════════════════════

═══════════════════════════════════════════════════════════════
[2025-11-03 10:54:38] info: MongoDB connected successfully
═══════════════════════════════════════════════════════════════

═══════════════════════════════════════════════════════════════
[2025-11-03 10:54:38] info: Server running on port 5000 in development mode
═══════════════════════════════════════════════════════════════

═══════════════════════════════════════════════════════════════
[2025-11-03 10:54:41] info: MongoDB connected successfully
═══════════════════════════════════════════════════════════════

═══════════════════════════════════════════════════════════════
[2025-11-03 10:54:41] info: Server running on port 5000 in development mode
═══════════════════════════════════════════════════════════════

═══════════════════════════════════════════════════════════════
[2025-11-03 10:54:52] info: MongoDB connected successfully
═══════════════════════════════════════════════════════════════

═══════════════════════════════════════════════════════════════
[2025-11-03 10:54:52] info: Server running on port 5000 in development mode
═══════════════════════════════════════════════════════════════

═══════════════════════════════════════════════════════════════
[2025-11-03 10:54:58] info: MongoDB connected successfully
═══════════════════════════════════════════════════════════════

═══════════════════════════════════════════════════════════════
[2025-11-03 10:54:58] info: Server running on port 5000 in development mode
═══════════════════════════════════════════════════════════════

═══════════════════════════════════════════════════════════════
[2025-11-03 10:55:04] info: MongoDB connected successfully
═══════════════════════════════════════════════════════════════

═══════════════════════════════════════════════════════════════
[2025-11-03 10:55:04] info: Server running on port 5000 in development mode
═══════════════════════════════════════════════════════════════

═══════════════════════════════════════════════════════════════
[2025-11-03 10:55:06] info: MongoDB connected successfully
═══════════════════════════════════════════════════════════════

═══════════════════════════════════════════════════════════════
[2025-11-03 10:55:06] info: Server running on port 5000 in development mode
═══════════════════════════════════════════════════════════════

═══════════════════════════════════════════════════════════════
[2025-11-03 10:55:10] info: MongoDB connected successfully
═══════════════════════════════════════════════════════════════

═══════════════════════════════════════════════════════════════
[2025-11-03 10:55:10] info: Server running on port 5000 in development mode
═══════════════════════════════════════════════════════════════

═══════════════════════════════════════════════════════════════
[2025-11-03 10:55:13] info: MongoDB connected successfully
═══════════════════════════════════════════════════════════════

═══════════════════════════════════════════════════════════════
[2025-11-03 10:55:13] info: Server running on port 5000 in development mode
═══════════════════════════════════════════════════════════════

═══════════════════════════════════════════════════════════════
[2025-11-03 10:55:17] info: MongoDB connected successfully
═══════════════════════════════════════════════════════════════

═══════════════════════════════════════════════════════════════
[2025-11-03 10:55:17] info: Server running on port 5000 in development mode
═══════════════════════════════════════════════════════════════

═══════════════════════════════════════════════════════════════
[2025-11-03 10:55:20] info: MongoDB connected successfully
═══════════════════════════════════════════════════════════════

═══════════════════════════════════════════════════════════════
[2025-11-03 10:55:20] info: Server running on port 5000 in development mode
═══════════════════════════════════════════════════════════════

═══════════════════════════════════════════════════════════════
[2025-11-03 10:55:23] info: MongoDB connected successfully
═══════════════════════════════════════════════════════════════

═══════════════════════════════════════════════════════════════
[2025-11-03 10:55:23] info: Server running on port 5000 in development mode
═══════════════════════════════════════════════════════════════

═══════════════════════════════════════════════════════════════
[2025-11-03 10:56:26] info: MongoDB connected successfully
═══════════════════════════════════════════════════════════════

═══════════════════════════════════════════════════════════════
[2025-11-03 10:56:26] info: Server running on port 5000 in development mode
═══════════════════════════════════════════════════════════════

═══════════════════════════════════════════════════════════════
[2025-11-03 10:57:57] info: Shutting down gracefully...
═══════════════════════════════════════════════════════════════

