═══════════════════════════════════════════════════════════════
[2025-11-03 18:20:08] error: Error 401: No token provided
Method: GET
Path: /api/v1/users/profile
Meta:
{
  "status": 401
}
Stack Trace:
  Error: No token provided
      at authMiddleware (C:\Users\Admin\Documents\dynamic-365-job-backend\middleware\authMiddleware.js:10:17)
      at Layer.handleRequest (C:\Users\Admin\Documents\dynamic-365-job-backend\node_modules\router\lib\layer.js:152:17)
      at next (C:\Users\Admin\Documents\dynamic-365-job-backend\node_modules\router\lib\route.js:157:13)
      at Route.dispatch (C:\Users\Admin\Documents\dynamic-365-job-backend\node_modules\router\lib\route.js:117:3)
      at handle (C:\Users\Admin\Documents\dynamic-365-job-backend\node_modules\router\index.js:435:11)
      at Layer.handleRequest (C:\Users\Admin\Documents\dynamic-365-job-backend\node_modules\router\lib\layer.js:152:17)
      at C:\Users\Admin\Documents\dynamic-365-job-backend\node_modules\router\index.js:295:15
      at processParams (C:\Users\Admin\Documents\dynamic-365-job-backend\node_modules\router\index.js:582:12)
      at next (C:\Users\Admin\Documents\dynamic-365-job-backend\node_modules\router\index.js:291:5)
      at Function.handle (C:\Users\Admin\Documents\dynamic-365-job-backend\node_modules\router\index.js:186:3)
═══════════════════════════════════════════════════════════════

═══════════════════════════════════════════════════════════════
[2025-11-03 18:20:10] error: Error 401: No token provided
Method: GET
Path: /api/v1/users/profile
Meta:
{
  "status": 401
}
Stack Trace:
  Error: No token provided
      at authMiddleware (C:\Users\Admin\Documents\dynamic-365-job-backend\middleware\authMiddleware.js:10:17)
      at Layer.handleRequest (C:\Users\Admin\Documents\dynamic-365-job-backend\node_modules\router\lib\layer.js:152:17)
      at next (C:\Users\Admin\Documents\dynamic-365-job-backend\node_modules\router\lib\route.js:157:13)
      at Route.dispatch (C:\Users\Admin\Documents\dynamic-365-job-backend\node_modules\router\lib\route.js:117:3)
      at handle (C:\Users\Admin\Documents\dynamic-365-job-backend\node_modules\router\index.js:435:11)
      at Layer.handleRequest (C:\Users\Admin\Documents\dynamic-365-job-backend\node_modules\router\lib\layer.js:152:17)
      at C:\Users\Admin\Documents\dynamic-365-job-backend\node_modules\router\index.js:295:15
      at processParams (C:\Users\Admin\Documents\dynamic-365-job-backend\node_modules\router\index.js:582:12)
      at next (C:\Users\Admin\Documents\dynamic-365-job-backend\node_modules\router\index.js:291:5)
      at Function.handle (C:\Users\Admin\Documents\dynamic-365-job-backend\node_modules\router\index.js:186:3)
═══════════════════════════════════════════════════════════════

═══════════════════════════════════════════════════════════════
[2025-11-03 18:20:12] error: Error 401: No token provided
Method: GET
Path: /api/v1/users/profile
Meta:
{
  "status": 401
}
Stack Trace:
  Error: No token provided
      at authMiddleware (C:\Users\Admin\Documents\dynamic-365-job-backend\middleware\authMiddleware.js:10:17)
      at Layer.handleRequest (C:\Users\Admin\Documents\dynamic-365-job-backend\node_modules\router\lib\layer.js:152:17)
      at next (C:\Users\Admin\Documents\dynamic-365-job-backend\node_modules\router\lib\route.js:157:13)
      at Route.dispatch (C:\Users\Admin\Documents\dynamic-365-job-backend\node_modules\router\lib\route.js:117:3)
      at handle (C:\Users\Admin\Documents\dynamic-365-job-backend\node_modules\router\index.js:435:11)
      at Layer.handleRequest (C:\Users\Admin\Documents\dynamic-365-job-backend\node_modules\router\lib\layer.js:152:17)
      at C:\Users\Admin\Documents\dynamic-365-job-backend\node_modules\router\index.js:295:15
      at processParams (C:\Users\Admin\Documents\dynamic-365-job-backend\node_modules\router\index.js:582:12)
      at next (C:\Users\Admin\Documents\dynamic-365-job-backend\node_modules\router\index.js:291:5)
      at Function.handle (C:\Users\Admin\Documents\dynamic-365-job-backend\node_modules\router\index.js:186:3)
═══════════════════════════════════════════════════════════════

═══════════════════════════════════════════════════════════════
[2025-11-03 18:20:13] error: Error 401: No token provided
Method: GET
Path: /api/v1/users/profile
Meta:
{
  "status": 401
}
Stack Trace:
  Error: No token provided
      at authMiddleware (C:\Users\Admin\Documents\dynamic-365-job-backend\middleware\authMiddleware.js:10:17)
      at Layer.handleRequest (C:\Users\Admin\Documents\dynamic-365-job-backend\node_modules\router\lib\layer.js:152:17)
      at next (C:\Users\Admin\Documents\dynamic-365-job-backend\node_modules\router\lib\route.js:157:13)
      at Route.dispatch (C:\Users\Admin\Documents\dynamic-365-job-backend\node_modules\router\lib\route.js:117:3)
      at handle (C:\Users\Admin\Documents\dynamic-365-job-backend\node_modules\router\index.js:435:11)
      at Layer.handleRequest (C:\Users\Admin\Documents\dynamic-365-job-backend\node_modules\router\lib\layer.js:152:17)
      at C:\Users\Admin\Documents\dynamic-365-job-backend\node_modules\router\index.js:295:15
      at processParams (C:\Users\Admin\Documents\dynamic-365-job-backend\node_modules\router\index.js:582:12)
      at next (C:\Users\Admin\Documents\dynamic-365-job-backend\node_modules\router\index.js:291:5)
      at Function.handle (C:\Users\Admin\Documents\dynamic-365-job-backend\node_modules\router\index.js:186:3)
═══════════════════════════════════════════════════════════════

═══════════════════════════════════════════════════════════════
[2025-11-03 18:23:54] error: Error 500: getUserById is not a function
Method: GET
Path: /api/v1/users/profile
Meta:
{
  "status": 500
}
Stack Trace:
  TypeError: getUserById is not a function
      at C:\Users\Admin\Documents\dynamic-365-job-backend\controllers\userController.js:138:22
      at C:\Users\Admin\Documents\dynamic-365-job-backend\utils\asyncHandler.js:2:21
      at Layer.handleRequest (C:\Users\Admin\Documents\dynamic-365-job-backend\node_modules\router\lib\layer.js:152:17)
      at next (C:\Users\Admin\Documents\dynamic-365-job-backend\node_modules\router\lib\route.js:157:13)
      at authMiddleware (C:\Users\Admin\Documents\dynamic-365-job-backend\middleware\authMiddleware.js:17:5)
      at Layer.handleRequest (C:\Users\Admin\Documents\dynamic-365-job-backend\node_modules\router\lib\layer.js:152:17)
      at next (C:\Users\Admin\Documents\dynamic-365-job-backend\node_modules\router\lib\route.js:157:13)
      at Route.dispatch (C:\Users\Admin\Documents\dynamic-365-job-backend\node_modules\router\lib\route.js:117:3)
      at handle (C:\Users\Admin\Documents\dynamic-365-job-backend\node_modules\router\index.js:435:11)
      at Layer.handleRequest (C:\Users\Admin\Documents\dynamic-365-job-backend\node_modules\router\lib\layer.js:152:17)
═══════════════════════════════════════════════════════════════

═══════════════════════════════════════════════════════════════
[2025-11-03 18:36:41] error: Error 500: getUserById is not a function
Method: GET
Path: /api/v1/users/profile
Meta:
{
  "status": 500
}
Stack Trace:
  TypeError: getUserById is not a function
      at C:\Users\Admin\Documents\dynamic-365-job-backend\controllers\userController.js:138:22
      at C:\Users\Admin\Documents\dynamic-365-job-backend\utils\asyncHandler.js:2:21
      at Layer.handleRequest (C:\Users\Admin\Documents\dynamic-365-job-backend\node_modules\router\lib\layer.js:152:17)
      at next (C:\Users\Admin\Documents\dynamic-365-job-backend\node_modules\router\lib\route.js:157:13)
      at authMiddleware (C:\Users\Admin\Documents\dynamic-365-job-backend\middleware\authMiddleware.js:17:5)
      at Layer.handleRequest (C:\Users\Admin\Documents\dynamic-365-job-backend\node_modules\router\lib\layer.js:152:17)
      at next (C:\Users\Admin\Documents\dynamic-365-job-backend\node_modules\router\lib\route.js:157:13)
      at Route.dispatch (C:\Users\Admin\Documents\dynamic-365-job-backend\node_modules\router\lib\route.js:117:3)
      at handle (C:\Users\Admin\Documents\dynamic-365-job-backend\node_modules\router\index.js:435:11)
      at Layer.handleRequest (C:\Users\Admin\Documents\dynamic-365-job-backend\node_modules\router\lib\layer.js:152:17)
═══════════════════════════════════════════════════════════════

═══════════════════════════════════════════════════════════════
[2025-11-04 10:58:56] error: Error 400: Validation failed
Method: POST
Path: /api/v1/post/new
Meta:
{
  "status": 400,
  "details": [
    {
      "field": "employerId",
      "message": "Employer not found."
    }
  ]
}
Stack Trace:
  Error: Validation failed
      at handleValidationErrors (C:\Users\Admin\Documents\dynamic-365-job-backend\utils\validator.js:317:17)
      at Layer.handleRequest (C:\Users\Admin\Documents\dynamic-365-job-backend\node_modules\router\lib\layer.js:152:17)
      at next (C:\Users\Admin\Documents\dynamic-365-job-backend\node_modules\router\lib\route.js:157:13)
      at middleware (C:\Users\Admin\Documents\dynamic-365-job-backend\node_modules\express-validator\lib\middlewares\check.js:16:13)
      at process.processTicksAndRejections (node:internal/process/task_queues:105:5)
═══════════════════════════════════════════════════════════════

═══════════════════════════════════════════════════════════════
[2025-11-04 12:50:50] error: Error 500: {(intermediate value)}.populate is not a function
Method: GET
Path: /api/v1/users/my-profile
Meta:
{
  "status": 500
}
Stack Trace:
  TypeError: {(intermediate value)}.populate is not a function
      at getUserById (E:\dynamic-job-backend\services\userService.js:248:50)
      at E:\dynamic-job-backend\controllers\userController.js:172:22
      at E:\dynamic-job-backend\utils\asyncHandler.js:2:21
      at Layer.handleRequest (E:\dynamic-job-backend\node_modules\router\lib\layer.js:152:17)
      at next (E:\dynamic-job-backend\node_modules\router\lib\route.js:157:13)
      at authMiddleware (E:\dynamic-job-backend\middleware\authMiddleware.js:17:5)
      at Layer.handleRequest (E:\dynamic-job-backend\node_modules\router\lib\layer.js:152:17)
      at next (E:\dynamic-job-backend\node_modules\router\lib\route.js:157:13)
      at Route.dispatch (E:\dynamic-job-backend\node_modules\router\lib\route.js:117:3)
      at handle (E:\dynamic-job-backend\node_modules\router\index.js:435:11)
═══════════════════════════════════════════════════════════════

═══════════════════════════════════════════════════════════════
[2025-11-04 14:18:20] error: Error 404: User not found
Method: GET
Path: /api/v1/users/my-profile
Meta:
{
  "status": 404
}
Stack Trace:
  Error: User not found
      at getUserById (E:\dynamic-job-backend\services\userService.js:250:11)
      at process.processTicksAndRejections (node:internal/process/task_queues:95:5)
      at async E:\dynamic-job-backend\controllers\userController.js:172:16
═══════════════════════════════════════════════════════════════

═══════════════════════════════════════════════════════════════
[2025-11-04 15:36:51] error: Error 400: Validation failed
Method: POST
Path: /api/v1/users/register
Meta:
{
  "status": 400,
  "details": [
    {
      "field": "role",
      "message": "Role must be either employer, jobseeker, or admin"
    },
    {
      "field": "phoneNumber",
      "message": "Phone number is required."
    },
    {
      "field": "phoneNumber",
      "message": "Invalid phone number."
    }
  ]
}
Stack Trace:
  Error: Validation failed
      at handleValidationErrors (C:\Users\Admin\Documents\dynamic-365-job-backend\utils\validator.js:383:17)
      at Layer.handleRequest (C:\Users\Admin\Documents\dynamic-365-job-backend\node_modules\router\lib\layer.js:152:17)
      at next (C:\Users\Admin\Documents\dynamic-365-job-backend\node_modules\router\lib\route.js:157:13)
      at middleware (C:\Users\Admin\Documents\dynamic-365-job-backend\node_modules\express-validator\lib\middlewares\check.js:16:13)
      at process.processTicksAndRejections (node:internal/process/task_queues:105:5)
═══════════════════════════════════════════════════════════════

═══════════════════════════════════════════════════════════════
[2025-11-04 17:32:47] error: Error 403: Only admins can add subscription.
Method: GET
Path: /api/v1/subs/plans
Meta:
{
  "status": 403
}
Stack Trace:
  Error: Only admins can add subscription.
      at checkAdminRole (C:\Users\Admin\Documents\dynamic-365-job-backend\utils\validator.js:367:19)
      at process.processTicksAndRejections (node:internal/process/task_queues:105:5)
═══════════════════════════════════════════════════════════════

═══════════════════════════════════════════════════════════════
[2025-11-04 17:32:58] error: Error 403: Only admins can add subscription.
Method: GET
Path: /api/v1/subs/plans
Meta:
{
  "status": 403
}
Stack Trace:
  Error: Only admins can add subscription.
      at checkAdminRole (C:\Users\Admin\Documents\dynamic-365-job-backend\utils\validator.js:367:19)
      at process.processTicksAndRejections (node:internal/process/task_queues:105:5)
═══════════════════════════════════════════════════════════════

═══════════════════════════════════════════════════════════════
[2025-11-04 17:33:52] error: Error 403: Only admins can add subscription.
Method: GET
Path: /api/v1/subs/plans
Meta:
{
  "status": 403
}
Stack Trace:
  Error: Only admins can add subscription.
      at checkAdminRole (C:\Users\Admin\Documents\dynamic-365-job-backend\utils\validator.js:367:19)
      at process.processTicksAndRejections (node:internal/process/task_queues:105:5)
═══════════════════════════════════════════════════════════════

═══════════════════════════════════════════════════════════════
[2025-11-04 17:34:21] error: Error 403: Only admins can add subscription.
Method: GET
Path: /api/v1/subs/plans
Meta:
{
  "status": 403
}
Stack Trace:
  Error: Only admins can add subscription.
      at checkAdminRole (C:\Users\Admin\Documents\dynamic-365-job-backend\utils\validator.js:367:19)
      at process.processTicksAndRejections (node:internal/process/task_queues:105:5)
═══════════════════════════════════════════════════════════════

═══════════════════════════════════════════════════════════════
[2025-11-05 11:43:19] error: Error 400: User already exists with this email or Phone number.
Method: POST
Path: /api/v1/users/register
Meta:
{
  "status": 400
}
Stack Trace:
  Error: User already exists with this email or Phone number.
      at createUser (C:\Users\Admin\Documents\dynamic-365-job-backend\services\userService.js:34:19)
      at process.processTicksAndRejections (node:internal/process/task_queues:105:5)
      at async C:\Users\Admin\Documents\dynamic-365-job-backend\controllers\userController.js:49:18
═══════════════════════════════════════════════════════════════

═══════════════════════════════════════════════════════════════
[2025-11-05 11:51:05] error: Error 401: Invalid credentials
Method: POST
Path: /api/v1/users/login
Meta:
{
  "status": 401
}
Stack Trace:
  Error: Invalid credentials
      at loginUser (C:\Users\Admin\Documents\dynamic-365-job-backend\services\userService.js:229:11)
      at process.processTicksAndRejections (node:internal/process/task_queues:105:5)
      at async C:\Users\Admin\Documents\dynamic-365-job-backend\controllers\userController.js:163:20
═══════════════════════════════════════════════════════════════

═══════════════════════════════════════════════════════════════
[2025-11-05 11:52:42] error: Error 401: User not exists.
Method: POST
Path: /api/v1/users/login
Meta:
{
  "status": 401
}
Stack Trace:
  Error: User not exists.
      at loginUser (C:\Users\Admin\Documents\dynamic-365-job-backend\services\userService.js:229:11)
      at process.processTicksAndRejections (node:internal/process/task_queues:105:5)
      at async C:\Users\Admin\Documents\dynamic-365-job-backend\controllers\userController.js:163:20
═══════════════════════════════════════════════════════════════

═══════════════════════════════════════════════════════════════
[2025-11-05 12:27:48] error: Error 401: Invalid credentials
Method: POST
Path: /api/v1/users/login
Meta:
{
  "status": 401
}
Stack Trace:
  Error: Invalid credentials
      at loginUser (C:\Users\Admin\Documents\dynamic-365-job-backend\services\userService.js:233:11)
      at async C:\Users\Admin\Documents\dynamic-365-job-backend\controllers\userController.js:164:20
═══════════════════════════════════════════════════════════════

═══════════════════════════════════════════════════════════════
[2025-11-05 12:27:54] error: Error 401: Invalid credentials
Method: POST
Path: /api/v1/users/login
Meta:
{
  "status": 401
}
Stack Trace:
  Error: Invalid credentials
      at loginUser (C:\Users\Admin\Documents\dynamic-365-job-backend\services\userService.js:233:11)
      at async C:\Users\Admin\Documents\dynamic-365-job-backend\controllers\userController.js:164:20
═══════════════════════════════════════════════════════════════

═══════════════════════════════════════════════════════════════
[2025-11-05 12:35:54] error: Error 404: User not found
Method: GET
Path: /api/v1/users/my-profile
Meta:
{
  "status": 404
}
Stack Trace:
  Error: User not found
      at getUserById (C:\Users\Admin\Documents\dynamic-365-job-backend\services\userService.js:300:11)
      at process.processTicksAndRejections (node:internal/process/task_queues:105:5)
      at async C:\Users\Admin\Documents\dynamic-365-job-backend\controllers\userController.js:173:16
═══════════════════════════════════════════════════════════════

═══════════════════════════════════════════════════════════════
[2025-11-05 12:39:17] error: Error 400: Validation failed
Method: POST
Path: /api/v1/users/register
Meta:
{
  "status": 400,
  "details": [
    {
      "field": "password",
      "message": "Password must be at least 8 characters."
    }
  ]
}
Stack Trace:
  Error: Validation failed
      at handleValidationErrors (C:\Users\Admin\Documents\dynamic-365-job-backend\utils\validator.js:402:17)
      at Layer.handleRequest (C:\Users\Admin\Documents\dynamic-365-job-backend\node_modules\router\lib\layer.js:152:17)
      at next (C:\Users\Admin\Documents\dynamic-365-job-backend\node_modules\router\lib\route.js:157:13)
      at middleware (C:\Users\Admin\Documents\dynamic-365-job-backend\node_modules\express-validator\lib\middlewares\check.js:16:13)
      at process.processTicksAndRejections (node:internal/process/task_queues:105:5)
═══════════════════════════════════════════════════════════════

═══════════════════════════════════════════════════════════════
[2025-11-05 12:48:23] error: Error 500: ApiError is not defined
Method: POST
Path: /api/v1/users/reset-password
Meta:
{
  "status": 500
}
Stack Trace:
  ReferenceError: ApiError is not defined
      at resetPasswordService (C:\Users\Admin\Documents\dynamic-365-job-backend\services\userService.js:283:5)
      at async C:\Users\Admin\Documents\dynamic-365-job-backend\controllers\userController.js:207:20
═══════════════════════════════════════════════════════════════

═══════════════════════════════════════════════════════════════
[2025-11-05 12:49:02] error: Error 400: Old password is incorrect
Method: POST
Path: /api/v1/users/reset-password
Meta:
{
  "status": 400
}
Stack Trace:
  Error: Old password is incorrect
      at resetPasswordService (C:\Users\Admin\Documents\dynamic-365-job-backend\services\userService.js:283:11)
      at async C:\Users\Admin\Documents\dynamic-365-job-backend\controllers\userController.js:207:20
═══════════════════════════════════════════════════════════════

═══════════════════════════════════════════════════════════════
[2025-11-05 12:52:15] error: Error 401: Invalid credentials
Method: POST
Path: /api/v1/users/login
Meta:
{
  "status": 401
}
Stack Trace:
  Error: Invalid credentials
      at loginUser (C:\Users\Admin\Documents\dynamic-365-job-backend\services\userService.js:233:11)
      at async C:\Users\Admin\Documents\dynamic-365-job-backend\controllers\userController.js:164:20
═══════════════════════════════════════════════════════════════

